2024-01-16 14:36:27,583 [INFO] Activator:176 - 


2024-01-16 14:36:27,585 [INFO] Activator:177 - !SESSION log4j initialized
2024-01-16 14:36:30,812 [INFO] LogOutputStream:77 - [STDOUT_REDIRECT] 
2024-01-16 14:36:48,751 [INFO] ApplicationProperties:184 - Using Application install path: Z:\STM32CubeIDE_1.14.1\STM32CubeIDE\plugins\com.st.stm32cube.common.mx_6.10.0.202311202037
2024-01-16 14:36:48,768 [INFO] DbMcusXml:78 - Set database path to: Z:\STM32CubeIDE_1.14.1\STM32CubeIDE\plugins\com.st.stm32cube.common.mx_6.10.0.202311202037\\db\/mcu/
2024-01-16 14:36:48,768 [INFO] ApiDb:274 - Set plugin database path to: Z:\STM32CubeIDE_1.14.1\STM32CubeIDE\plugins\com.st.stm32cube.common.mx_6.10.0.202311202037\\db\/plugins/boardmanager/
2024-01-16 14:36:48,772 [WARN] ApiDb:259 - Overriding images path with different value:  => Z:\STM32CubeIDE_1.14.1\STM32CubeIDE\plugins\com.st.stm32cube.common.mx_6.10.0.202311202037\\db\/plugins/mcufinder/images/
2024-01-16 14:36:48,791 [INFO] ApiDb:250 - Set database path to: C:\Users\ymtdy\.stmcufinder\plugins\mcufinder//mcu/
2024-01-16 14:36:48,792 [INFO] DbMcusAds:125 - Set database path to: C:\Users\ymtdy\.stmcufinder\plugins\mcufinder//mcu/
2024-01-16 14:36:48,801 [INFO] CrossReferenceDbSqlite:203 - Set database path to: C:\Users\ymtdy\.stmcufinder\plugins\mcufinder//mcu/cs/
2024-01-16 14:36:48,897 [INFO] RulesReader:64 - Compatibility file has been processed (297 Rules)
2024-01-16 14:36:48,974 [INFO] DbMcusXml:78 - Set database path to: Z:\STM32CubeIDE_1.14.1\STM32CubeIDE\plugins\com.st.stm32cube.common.mx_6.10.0.202311202037\\db\/mcu/
2024-01-16 14:36:48,974 [INFO] ApiDb:274 - Set plugin database path to: Z:\STM32CubeIDE_1.14.1\STM32CubeIDE\plugins\com.st.stm32cube.common.mx_6.10.0.202311202037\\db\/plugins/boardmanager/
2024-01-16 14:36:48,974 [INFO] ApiDb:261 - Set plugin images path to: Z:\STM32CubeIDE_1.14.1\STM32CubeIDE\plugins\com.st.stm32cube.common.mx_6.10.0.202311202037\\db\/plugins/mcufinder/images/
2024-01-16 14:36:48,974 [WARN] DbFile:41 - Overriding database path with different value: C:\Users\ymtdy\.stmcufinder\plugins\mcufinder/ => C:\Users\ymtdy\.stmcufinder\plugins\mcufinder
2024-01-16 14:36:48,974 [INFO] ApiDb:250 - Set database path to: C:\Users\ymtdy\.stmcufinder\plugins\mcufinder//mcu/
2024-01-16 14:36:48,974 [WARN] DbFile:41 - Overriding database path with different value: C:\Users\ymtdy\.stmcufinder\plugins\mcufinder/ => C:\Users\ymtdy\.stmcufinder\plugins\mcufinder
2024-01-16 14:36:48,974 [INFO] DbMcusAds:125 - Set database path to: C:\Users\ymtdy\.stmcufinder\plugins\mcufinder//mcu/
2024-01-16 14:36:48,974 [WARN] DbFile:41 - Overriding database path with different value: C:\Users\ymtdy\.stmcufinder\plugins\mcufinder/ => C:\Users\ymtdy\.stmcufinder\plugins\mcufinder
2024-01-16 14:36:48,974 [WARN] DbFile:41 - Overriding database path with different value: C:\Users\ymtdy\.stmcufinder\plugins\mcufinder/ => C:\Users\ymtdy\.stmcufinder\plugins\mcufinder
2024-01-16 14:36:48,975 [INFO] CrossReferenceDbSqlite:203 - Set database path to: C:\Users\ymtdy\.stmcufinder\plugins\mcufinder//mcu/cs/
2024-01-16 14:36:49,038 [INFO] MainPanel:264 - HeapMemory: 268435456
2024-01-16 14:36:49,102 [INFO] DbMcusXml:78 - Set database path to: Z:\STM32CubeIDE_1.14.1\STM32CubeIDE\plugins\com.st.stm32cube.common.mx_6.10.0.202311202037\\db\/mcu/
2024-01-16 14:36:49,102 [INFO] ApiDb:274 - Set plugin database path to: Z:\STM32CubeIDE_1.14.1\STM32CubeIDE\plugins\com.st.stm32cube.common.mx_6.10.0.202311202037\\db\/plugins/boardmanager/
2024-01-16 14:36:49,102 [INFO] ApiDb:261 - Set plugin images path to: Z:\STM32CubeIDE_1.14.1\STM32CubeIDE\plugins\com.st.stm32cube.common.mx_6.10.0.202311202037\\db\/plugins/mcufinder/images/
2024-01-16 14:36:49,102 [WARN] DbFile:41 - Overriding database path with different value: C:\Users\ymtdy\.stmcufinder\plugins\mcufinder/ => C:\Users\ymtdy\.stmcufinder\plugins\mcufinder
2024-01-16 14:36:49,103 [INFO] ApiDb:250 - Set database path to: C:\Users\ymtdy\.stmcufinder\plugins\mcufinder//mcu/
2024-01-16 14:36:49,103 [WARN] DbFile:41 - Overriding database path with different value: C:\Users\ymtdy\.stmcufinder\plugins\mcufinder/ => C:\Users\ymtdy\.stmcufinder\plugins\mcufinder
2024-01-16 14:36:49,103 [INFO] DbMcusAds:125 - Set database path to: C:\Users\ymtdy\.stmcufinder\plugins\mcufinder//mcu/
2024-01-16 14:36:49,103 [WARN] DbFile:41 - Overriding database path with different value: C:\Users\ymtdy\.stmcufinder\plugins\mcufinder/ => C:\Users\ymtdy\.stmcufinder\plugins\mcufinder
2024-01-16 14:36:49,103 [WARN] DbFile:41 - Overriding database path with different value: C:\Users\ymtdy\.stmcufinder\plugins\mcufinder/ => C:\Users\ymtdy\.stmcufinder\plugins\mcufinder
2024-01-16 14:36:49,103 [INFO] CrossReferenceDbSqlite:203 - Set database path to: C:\Users\ymtdy\.stmcufinder\plugins\mcufinder//mcu/cs/
2024-01-16 14:36:49,118 [INFO] ApplicationProperties:184 - Using Application install path: Z:\STM32CubeIDE_1.14.1\STM32CubeIDE\plugins\com.st.stm32cube.common.mx_6.10.0.202311202037
2024-01-16 14:36:49,119 [INFO] PluginManage:196 - Search for loadable plugins [exclusion list=, ]
2024-01-16 14:36:49,120 [INFO] PluginManage:310 - Check plugin analytics
2024-01-16 14:36:49,249 [INFO] AnalyticsPlugin:253 - Accepted Software Licenses: STM32CubeMX.6.3.0
2024-01-16 14:36:49,249 [INFO] AnalyticsPlugin:255 - Accepted CMSIS Pack Licenses: 
2024-01-16 14:36:49,249 [INFO] AnalyticsPlugin:257 - Accepted Firmware Licenses: 
2024-01-16 14:36:49,251 [INFO] PluginManage:359 - Loaded plugin analytics (category:tool,tabindex:-1)
2024-01-16 14:36:49,251 [INFO] PluginManage:310 - Check plugin cadmodel
2024-01-16 14:36:49,255 [INFO] CADModel:105 - Init CAD model plugin
2024-01-16 14:36:49,255 [INFO] PluginManage:359 - Loaded plugin cadmodel (category:power,tabindex:5)
2024-01-16 14:36:49,255 [INFO] PluginManage:310 - Check plugin clock
2024-01-16 14:36:49,263 [INFO] PluginManage:359 - Loaded plugin clock (category:base,tabindex:2)
2024-01-16 14:36:49,264 [INFO] PluginManage:310 - Check plugin ddr
2024-01-16 14:36:49,266 [INFO] PluginManage:359 - Loaded plugin ddr (category:tool,tabindex:6)
2024-01-16 14:36:49,266 [INFO] PluginManage:310 - Check plugin filemanager
2024-01-16 14:36:49,405 [INFO] PluginManage:359 - Loaded plugin filemanager (category:base,tabindex:10)
2024-01-16 14:36:49,405 [INFO] PluginManage:310 - Check plugin ipmanager
2024-01-16 14:36:49,414 [INFO] PluginManage:359 - Loaded plugin ipmanager (category:base,tabindex:5)
2024-01-16 14:36:49,414 [INFO] PluginManage:310 - Check plugin lpbam
2024-01-16 14:36:49,421 [INFO] PluginManage:359 - Loaded plugin lpbam (category:base,tabindex:0)
2024-01-16 14:36:49,421 [INFO] PluginManage:310 - Check plugin memorymap
2024-01-16 14:36:49,431 [INFO] PluginManage:359 - Loaded plugin memorymap (category:base,tabindex:4)
2024-01-16 14:36:49,431 [INFO] PluginManage:310 - Check plugin pinoutandconfiguration
2024-01-16 14:36:49,437 [INFO] PluginManage:359 - Loaded plugin pinoutandconfiguration (category:base,tabindex:1)
2024-01-16 14:36:49,437 [INFO] PluginManage:310 - Check plugin pinoutconfig
2024-01-16 14:36:49,510 [WARN] SupportedApi:132 - Cannot load RTOS API schema: s4s-elt-must-match.1: The content of 'definitions' must match (annotation?, (simpleType | complexType)?, (unique | key | keyref)*)). A problem was found starting at: attribute.
2024-01-16 14:36:49,625 [INFO] PluginManage:359 - Loaded plugin pinoutconfig (category:base,tabindex:0)
2024-01-16 14:36:49,625 [INFO] PluginManage:310 - Check plugin power
2024-01-16 14:36:49,633 [INFO] PluginManage:359 - Loaded plugin power (category:power,tabindex:4)
2024-01-16 14:36:49,633 [INFO] PluginManage:310 - Check plugin projectmanager
2024-01-16 14:36:49,649 [INFO] PluginManage:359 - Loaded plugin projectmanager (category:projectmanager,tabindex:3)
2024-01-16 14:36:49,649 [INFO] PluginManage:310 - Check plugin thirdparty
2024-01-16 14:36:49,776 [INFO] PluginManage:359 - Loaded plugin thirdparty (category:base,tabindex:-1)
2024-01-16 14:36:49,776 [WARN] IntegrityCheckThread:84 - waiting for thirdparty lock release [integrity check]
2024-01-16 14:36:49,776 [INFO] IntegrityCheckThread:86 - entering critical section [integrity check]
2024-01-16 14:36:49,776 [INFO] PluginManage:310 - Check plugin tools
2024-01-16 14:36:49,777 [INFO] ThirdPartyUpdaterWithRetryManager:70 - Updater plugin not ready yet. [1/15]
2024-01-16 14:36:49,779 [INFO] PluginManage:359 - Loaded plugin tools (category:base,tabindex:7)
2024-01-16 14:36:49,779 [INFO] PluginManage:310 - Check plugin tutovideos
2024-01-16 14:36:49,923 [INFO] PluginManage:359 - Loaded plugin tutovideos (category:base,tabindex:-1)
2024-01-16 14:36:49,923 [INFO] PluginManage:310 - Check plugin updater
2024-01-16 14:36:49,931 [INFO] PluginManage:359 - Loaded plugin updater (category:base,tabindex:12)
2024-01-16 14:36:49,931 [INFO] PluginManage:310 - Check plugin userauth
2024-01-16 14:36:49,935 [INFO] UserAuth:114 - Init User Auth plugin
2024-01-16 14:36:49,936 [INFO] PluginManage:359 - Loaded plugin userauth (category:base,tabindex:14)
2024-01-16 14:36:49,936 [INFO] PluginManage:283 - PluginManage : Loaded plugins [17]
2024-01-16 14:36:50,129 [INFO] PinOutPanel:1499 - setPackage(No Configuration,No Configuration)
2024-01-16 14:36:50,203 [INFO] CADModel:165 - CPN selected for project level
2024-01-16 14:36:50,203 [INFO] CADModel:114 - Register for checkConnection events
2024-01-16 14:36:50,219 [INFO] IPUIPlugin:80 - create IPUIPlugin
2024-01-16 14:36:50,219 [INFO] PluginManager:220 - loadIPPluginJar : add adc
2024-01-16 14:36:50,221 [INFO] IPUIPlugin:80 - create IPUIPlugin
2024-01-16 14:36:50,221 [INFO] PluginManager:220 - loadIPPluginJar : add aes
2024-01-16 14:36:50,224 [INFO] IPUIPlugin:80 - create IPUIPlugin
2024-01-16 14:36:50,224 [INFO] PluginManager:220 - loadIPPluginJar : add can
2024-01-16 14:36:50,225 [INFO] IPUIPlugin:80 - create IPUIPlugin
2024-01-16 14:36:50,226 [INFO] PluginManager:220 - loadIPPluginJar : add comp
2024-01-16 14:36:50,228 [INFO] IPUIPlugin:80 - create IPUIPlugin
2024-01-16 14:36:50,228 [INFO] PluginManager:220 - loadIPPluginJar : add cryp
2024-01-16 14:36:50,230 [INFO] IPUIPlugin:80 - create IPUIPlugin
2024-01-16 14:36:50,230 [INFO] PluginManager:220 - loadIPPluginJar : add dfsdm
2024-01-16 14:36:50,235 [INFO] IPUIPlugin:80 - create IPUIPlugin
2024-01-16 14:36:50,235 [INFO] PluginManager:220 - loadIPPluginJar : add dma
2024-01-16 14:36:50,237 [INFO] IPUIPlugin:80 - create IPUIPlugin
2024-01-16 14:36:50,238 [INFO] PluginManager:220 - loadIPPluginJar : add dma3
2024-01-16 14:36:50,239 [INFO] IPUIPlugin:80 - create IPUIPlugin
2024-01-16 14:36:50,239 [INFO] PluginManager:220 - loadIPPluginJar : add fatfs
2024-01-16 14:36:50,243 [INFO] IPUIPlugin:80 - create IPUIPlugin
2024-01-16 14:36:50,243 [INFO] PluginManager:220 - loadIPPluginJar : add fmc
2024-01-16 14:36:50,247 [INFO] IPUIPlugin:80 - create IPUIPlugin
2024-01-16 14:36:50,247 [INFO] PluginManager:220 - loadIPPluginJar : add freertos
2024-01-16 14:36:50,249 [INFO] IPUIPlugin:80 - create IPUIPlugin
2024-01-16 14:36:50,249 [INFO] PluginManager:220 - loadIPPluginJar : add genericplugin
2024-01-16 14:36:50,250 [INFO] IPUIPlugin:80 - create IPUIPlugin
2024-01-16 14:36:50,250 [INFO] PluginManager:220 - loadIPPluginJar : add gfxmmu
2024-01-16 14:36:50,254 [INFO] IPUIPlugin:80 - create IPUIPlugin
2024-01-16 14:36:50,255 [INFO] PluginManager:220 - loadIPPluginJar : add gic
2024-01-16 14:36:50,258 [INFO] IPUIPlugin:80 - create IPUIPlugin
2024-01-16 14:36:50,258 [INFO] PluginManager:220 - loadIPPluginJar : add gpio
2024-01-16 14:36:50,261 [INFO] IPUIPlugin:80 - create IPUIPlugin
2024-01-16 14:36:50,261 [INFO] PluginManager:220 - loadIPPluginJar : add gtzc
2024-01-16 14:36:50,263 [INFO] IPUIPlugin:80 - create IPUIPlugin
2024-01-16 14:36:50,263 [INFO] PluginManager:220 - loadIPPluginJar : add hash
2024-01-16 14:36:50,266 [INFO] IPUIPlugin:80 - create IPUIPlugin
2024-01-16 14:36:50,266 [INFO] PluginManager:220 - loadIPPluginJar : add i2c
2024-01-16 14:36:50,268 [INFO] IPUIPlugin:80 - create IPUIPlugin
2024-01-16 14:36:50,268 [INFO] PluginManager:220 - loadIPPluginJar : add i2s
2024-01-16 14:36:50,271 [INFO] IPUIPlugin:80 - create IPUIPlugin
2024-01-16 14:36:50,271 [INFO] PluginManager:220 - loadIPPluginJar : add i3c
2024-01-16 14:36:50,273 [INFO] IPUIPlugin:80 - create IPUIPlugin
2024-01-16 14:36:50,274 [INFO] PluginManager:220 - loadIPPluginJar : add ipddr
2024-01-16 14:36:50,280 [INFO] IPUIPlugin:80 - create IPUIPlugin
2024-01-16 14:36:50,280 [INFO] PluginManager:220 - loadIPPluginJar : add linkedlist
2024-01-16 14:36:50,283 [INFO] IPUIPlugin:80 - create IPUIPlugin
2024-01-16 14:36:50,283 [INFO] PluginManager:220 - loadIPPluginJar : add lorawan
2024-01-16 14:36:50,284 [INFO] IPUIPlugin:80 - create IPUIPlugin
2024-01-16 14:36:50,285 [INFO] PluginManager:220 - loadIPPluginJar : add ltdc
2024-01-16 14:36:50,291 [INFO] IPUIPlugin:80 - create IPUIPlugin
2024-01-16 14:36:50,292 [INFO] PluginManager:220 - loadIPPluginJar : add mdma
2024-01-16 14:36:50,297 [INFO] IPUIPlugin:80 - create IPUIPlugin
2024-01-16 14:36:50,297 [INFO] PluginManager:220 - loadIPPluginJar : add nvic
2024-01-16 14:36:50,300 [INFO] IPUIPlugin:80 - create IPUIPlugin
2024-01-16 14:36:50,300 [INFO] PluginManager:220 - loadIPPluginJar : add opamp
2024-01-16 14:36:50,303 [INFO] IPUIPlugin:80 - create IPUIPlugin
2024-01-16 14:36:50,303 [INFO] PluginManager:220 - loadIPPluginJar : add openamp
2024-01-16 14:36:50,306 [INFO] IPUIPlugin:80 - create IPUIPlugin
2024-01-16 14:36:50,306 [INFO] PluginManager:220 - loadIPPluginJar : add pdm2pcm
2024-01-16 14:36:50,312 [INFO] IPUIPlugin:80 - create IPUIPlugin
2024-01-16 14:36:50,315 [INFO] PluginManager:220 - loadIPPluginJar : add plateformsettings
2024-01-16 14:36:50,316 [INFO] IPUIPlugin:80 - create IPUIPlugin
2024-01-16 14:36:50,317 [INFO] PluginManager:220 - loadIPPluginJar : add quadspi
2024-01-16 14:36:50,320 [INFO] IPUIPlugin:80 - create IPUIPlugin
2024-01-16 14:36:50,320 [INFO] PluginManager:220 - loadIPPluginJar : add resmgrutility
2024-01-16 14:36:50,323 [INFO] IPUIPlugin:80 - create IPUIPlugin
2024-01-16 14:36:50,323 [INFO] PluginManager:220 - loadIPPluginJar : add sai
2024-01-16 14:36:50,326 [INFO] IPUIPlugin:80 - create IPUIPlugin
2024-01-16 14:36:50,326 [INFO] PluginManager:220 - loadIPPluginJar : add spi
2024-01-16 14:36:50,331 [INFO] IPUIPlugin:80 - create IPUIPlugin
2024-01-16 14:36:50,331 [INFO] PluginManager:220 - loadIPPluginJar : add stm32_wpan
2024-01-16 14:36:50,333 [INFO] IPUIPlugin:80 - create IPUIPlugin
2024-01-16 14:36:50,333 [INFO] PluginManager:220 - loadIPPluginJar : add tim
2024-01-16 14:36:50,336 [INFO] IPUIPlugin:80 - create IPUIPlugin
2024-01-16 14:36:50,336 [INFO] PluginManager:220 - loadIPPluginJar : add touchsensing
2024-01-16 14:36:50,337 [INFO] IPUIPlugin:80 - create IPUIPlugin
2024-01-16 14:36:50,338 [INFO] PluginManager:220 - loadIPPluginJar : add tracer_emb
2024-01-16 14:36:50,339 [INFO] IPUIPlugin:80 - create IPUIPlugin
2024-01-16 14:36:50,340 [INFO] PluginManager:220 - loadIPPluginJar : add ts
2024-01-16 14:36:50,341 [INFO] IPUIPlugin:80 - create IPUIPlugin
2024-01-16 14:36:50,341 [INFO] PluginManager:220 - loadIPPluginJar : add tsc
2024-01-16 14:36:50,343 [INFO] IPUIPlugin:80 - create IPUIPlugin
2024-01-16 14:36:50,344 [INFO] PluginManager:220 - loadIPPluginJar : add ucpd
2024-01-16 14:36:50,346 [INFO] IPUIPlugin:80 - create IPUIPlugin
2024-01-16 14:36:50,346 [INFO] PluginManager:220 - loadIPPluginJar : add usart
2024-01-16 14:36:50,349 [INFO] IPUIPlugin:80 - create IPUIPlugin
2024-01-16 14:36:50,349 [INFO] PluginManager:220 - loadIPPluginJar : add usbx
2024-01-16 14:36:50,474 [INFO] CADModel:165 - CPN selected for project level
2024-01-16 14:36:50,475 [INFO] CADModel:114 - Register for checkConnection events
2024-01-16 14:36:50,475 [FATAL] Updater:308 - Updater called before beeing initialized
2024-01-16 14:36:50,475 [ERROR] CADModel:125 - Updater not yet initialized, retry later 
2024-01-16 14:36:50,588 [INFO] CADModel:165 - CPN selected for project level
2024-01-16 14:36:50,589 [INFO] CADModel:114 - Register for checkConnection events
2024-01-16 14:36:50,589 [FATAL] Updater:308 - Updater called before beeing initialized
2024-01-16 14:36:50,589 [ERROR] CADModel:125 - Updater not yet initialized, retry later 
2024-01-16 14:36:50,591 [FATAL] Updater:308 - Updater called before beeing initialized
2024-01-16 14:36:50,690 [FATAL] Updater:308 - Updater called before beeing initialized
2024-01-16 14:36:50,693 [INFO] DbMcusAds:53 - JSON generation date=Wed Nov 29 05:52:27 EST 2023 (1701255147200)
2024-01-16 14:36:50,694 [FATAL] Updater:308 - Updater called before beeing initialized
2024-01-16 14:36:50,722 [WARN] DetailPanel:346 - Failed to get advertising image, set to default
2024-01-16 14:36:50,810 [FATAL] Updater:308 - Updater called before beeing initialized
2024-01-16 14:36:50,811 [FATAL] Updater:308 - Updater called before beeing initialized
2024-01-16 14:36:50,811 [FATAL] Updater:308 - Updater called before beeing initialized
2024-01-16 14:36:50,811 [WARN] DetailPanel:346 - Failed to get advertising image, set to default
2024-01-16 14:36:50,812 [FATAL] Updater:308 - Updater called before beeing initialized
2024-01-16 14:36:50,850 [ERROR] Updater:1120 - MainUpdater not yet initialized. External WinMGr cannot be set.
2024-01-16 14:36:50,851 [INFO] Updater:1056 - Updater Version found : 6.10.0
2024-01-16 14:36:50,867 [INFO] ApplicationProperties:184 - Using Application install path: Z:\STM32CubeIDE_1.14.1\STM32CubeIDE\plugins\com.st.stm32cube.common.mx_6.10.0.202311202037
2024-01-16 14:36:50,898 [INFO] MainUpdater:526 - Copy updater definitions from MX database
2024-01-16 14:36:51,118 [INFO] MainUpdater:2873 - connection check result : 10
2024-01-16 14:36:51,119 [INFO] MainUpdater:3567 - Updater definition file requires update
2024-01-16 14:36:51,120 [INFO] MainUpdater:290 - Updater Check For Update Now.
2024-01-16 14:36:51,120 [INFO] MicroXplorer:498 - Change Database Version : DB.6.0.100
2024-01-16 14:36:51,129 [INFO] McuFinderGlobals:63 - Set McuFinder mode to 2 (CubeIDE integrated)
2024-01-16 14:36:51,129 [INFO] UserAuth:180 - activating auth plugin
2024-01-16 14:36:51,132 [INFO] UserAuth:404 - Internet connection configuration mode: 1
2024-01-16 14:36:51,144 [INFO] JxBrowserEngine:152 - Initiate JxBrowser Engine with user profile folder
2024-01-16 14:36:51,169 [INFO] ServerAccessManage:473 - Download File updaters.zip
2024-01-16 14:36:51,240 [INFO] FileExtend:240 - Unzip File : updaters.zip
2024-01-16 14:36:51,241 [INFO] FileExtend:255 - Standard Zip Deflate
2024-01-16 14:36:51,831 [INFO] ServerAccessManage:473 - Download File PacksControlFlags.xml
2024-01-16 14:36:51,916 [INFO] ServerAccessManage:473 - Download File cubemx.pidx
2024-01-16 14:36:52,022 [INFO] LoadServerUpdatesThread:375 - End of LoadServerUpdate Thread
2024-01-16 14:36:52,053 [WARN] CheckServerUpdateThread:151 - Open CheckUpdateFile Fail
2024-01-16 14:36:52,175 [INFO] CheckServerUpdateThread:120 - End of CheckServer Thread
2024-01-16 14:36:52,967 [WARN] PackLoader:240 - Cannot read IP mode file for STMicroelectronics.X-CUBE-SMBUS.2.1.0
2024-01-16 14:36:52,979 [WARN] PackLoader:240 - Cannot read IP mode file for STMicroelectronics.X-CUBE-TOUCHGFX.4.23.0
2024-01-16 14:36:52,990 [WARN] PackLoader:240 - Cannot read IP mode file for STMicroelectronics.FP-SNS-MOTENV1.4.3.2
2024-01-16 14:36:53,005 [WARN] PackLoader:240 - Cannot read IP mode file for STMicroelectronics.X-CUBE-BLE1.6.2.3
2024-01-16 14:36:53,013 [WARN] PackLoader:240 - Cannot read IP mode file for STMicroelectronics.X-CUBE-BLE1.6.2.2
2024-01-16 14:36:53,020 [WARN] PackLoader:240 - Cannot read IP mode file for STMicroelectronics.FP-SNS-FLIGHT1.5.0.2
2024-01-16 14:36:53,028 [WARN] PackLoader:240 - Cannot read IP mode file for STMicroelectronics.X-CUBE-BLE2.3.2.2
2024-01-16 14:36:53,046 [WARN] PackLoader:240 - Cannot read IP mode file for STMicroelectronics.X-CUBE-TOF1.3.1.0
2024-01-16 14:36:53,066 [WARN] PackLoader:240 - Cannot read IP mode file for STMicroelectronics.X-CUBE-DISPLAY.3.0.0
2024-01-16 14:36:53,081 [WARN] PackLoader:240 - Cannot read IP mode file for STMicroelectronics.X-CUBE-BLE1.7.0.0
2024-01-16 14:36:53,091 [WARN] PackLoader:240 - Cannot read IP mode file for emotas.I-CUBE-CANOPEN.1.3.0
2024-01-16 14:36:53,108 [WARN] PackLoader:240 - Cannot read IP mode file for STMicroelectronics.X-CUBE-SUBG2.4.2.0
2024-01-16 14:36:53,185 [WARN] PackLoader:240 - Cannot read IP mode file for STMicroelectronics.X-CUBE-MEMS1.9.3.0
2024-01-16 14:36:53,324 [WARN] PackLoader:240 - Cannot read IP mode file for STMicroelectronics.X-CUBE-AI.7.2.0
2024-01-16 14:36:53,330 [WARN] PackLoader:240 - Cannot read IP mode file for STMicroelectronics.FP-SNS-SMARTAG2.1.2.0
2024-01-16 14:36:53,340 [INFO] LogOutputStream:77 - [STDOUT_REDIRECT] 1 : Invalid condition id : UX_CORESTACK_Condition cause : null
2024-01-16 14:36:53,341 [INFO] LogOutputStream:77 - [STDOUT_REDIRECT] 1 : Invalid condition id : UX_CORESTACK_Condition cause : null
2024-01-16 14:36:53,342 [INFO] LogOutputStream:77 - [STDOUT_REDIRECT] 1 : Invalid condition id : UX_CORESTACK_Condition cause : null
2024-01-16 14:36:53,343 [INFO] LogOutputStream:77 - [STDOUT_REDIRECT] 1 : Invalid condition id : UX_CORESTACK_Condition cause : null
2024-01-16 14:36:53,344 [INFO] LogOutputStream:77 - [STDOUT_REDIRECT] 1 : Invalid condition id : UX_CORESTACK_Condition cause : null
2024-01-16 14:36:53,347 [WARN] PackLoader:240 - Cannot read IP mode file for STMicroelectronics.X-CUBE-AZRTOS-WL.2.0.0
2024-01-16 14:36:53,354 [WARN] PackLoader:240 - Cannot read IP mode file for STMicroelectronics.X-CUBE-ALGOBUILD.1.2.1
2024-01-16 14:36:53,362 [WARN] PackLoader:240 - Cannot read IP mode file for WES.I-CUBE-Cesium.1.3.0
2024-01-16 14:36:53,367 [WARN] PackLoader:240 - Cannot read IP mode file for STMicroelectronics.X-CUBE-DISPLAY.2.2.0
2024-01-16 14:36:53,373 [WARN] PackLoader:240 - Cannot read IP mode file for STMicroelectronics.X-CUBE-TOUCHGFX.4.18.0
2024-01-16 14:36:53,377 [WARN] PackLoader:240 - Cannot read IP mode file for STMicroelectronics.X-CUBE-ISPU.1.0.0
2024-01-16 14:36:53,382 [WARN] PackLoader:240 - Cannot read IP mode file for wolfSSL.I-CUBE-wolfSSL.5.0.0
2024-01-16 14:36:53,398 [WARN] PackLoader:240 - Cannot read IP mode file for STMicroelectronics.X-CUBE-AZRTOS-H7.2.1.0
2024-01-16 14:36:53,405 [WARN] PackLoader:240 - Cannot read IP mode file for STMicroelectronics.X-CUBE-NFC4.3.0.0
2024-01-16 14:36:53,432 [WARN] PackLoader:240 - Cannot read IP mode file for SEGGER.I-CUBE-embOS.1.2.0
2024-01-16 14:36:53,472 [WARN] PackLoader:240 - Cannot read IP mode file for STMicroelectronics.X-CUBE-BLEMGR.3.0.0
2024-01-16 14:36:53,486 [WARN] PackLoader:240 - Cannot read IP mode file for STMicroelectronics.X-CUBE-AZRTOS-H7.2.0.0
2024-01-16 14:36:53,494 [WARN] PackLoader:240 - Cannot read IP mode file for STMicroelectronics.FP-ATR-SIGFOX1.3.2.0
2024-01-16 14:36:53,497 [WARN] PackLoader:240 - Cannot read IP mode file for STMicroelectronics.X-CUBE-TOUCHGFX.4.20.0
2024-01-16 14:36:53,519 [WARN] PackLoader:240 - Cannot read IP mode file for SEGGER.I-CUBE-embOS.1.3.1
2024-01-16 14:36:53,551 [WARN] PackLoader:240 - Cannot read IP mode file for STMicroelectronics.X-CUBE-DISPLAY.2.0.0
2024-01-16 14:36:53,563 [WARN] PackLoader:240 - Cannot read IP mode file for STMicroelectronics.X-CUBE-AZRTOS-L5.2.0.0
2024-01-16 14:36:53,569 [WARN] PackLoader:240 - Cannot read IP mode file for STMicroelectronics.X-CUBE-EEPRMA1.4.2.0
2024-01-16 14:36:53,574 [WARN] PackLoader:240 - Cannot read IP mode file for ITTIA_DB.I-CUBE-ITTIADB.8.8.0
2024-01-16 14:36:53,579 [WARN] PackLoader:240 - Cannot read IP mode file for STMicroelectronics.X-CUBE-NFC4.2.0.4
2024-01-16 14:36:53,584 [WARN] PackLoader:240 - Cannot read IP mode file for STMicroelectronics.X-CUBE-NFC4.2.0.3
2024-01-16 14:36:53,590 [WARN] PackLoader:240 - Cannot read IP mode file for STMicroelectronics.X-CUBE-SFXS2LP1.3.1.0
2024-01-16 14:36:53,603 [WARN] PackLoader:240 - Cannot read IP mode file for STMicroelectronics.X-CUBE-AZRTOS-F4.1.0.0
2024-01-16 14:36:53,610 [WARN] PackLoader:240 - Cannot read IP mode file for STMicroelectronics.X-CUBE-TOF1.2.0.0
2024-01-16 14:36:53,615 [WARN] PackLoader:240 - Cannot read IP mode file for STMicroelectronics.X-CUBE-NFC7.1.0.1
2024-01-16 14:36:53,620 [WARN] PackLoader:240 - Cannot read IP mode file for STMicroelectronics.X-CUBE-NFC7.1.0.0
2024-01-16 14:36:53,627 [WARN] PackLoader:240 - Cannot read IP mode file for STMicroelectronics.X-CUBE-NFC6.3.0.0
2024-01-16 14:36:53,631 [WARN] PackLoader:240 - Cannot read IP mode file for STMicroelectronics.X-CUBE-AI.8.1.0
2024-01-16 14:36:53,647 [WARN] ConditionMgr:438 - getConditionDescription Invalid condition id : LAN8742 Phy interface Condition cause : null
2024-01-16 14:36:53,647 [WARN] PackLoader:240 - Cannot read IP mode file for STMicroelectronics.X-CUBE-AZRTOS-L4.2.0.0
2024-01-16 14:36:53,649 [WARN] ConditionMgr:1039 - genDependencies : Invalid condition id : LAN8742 Phy interface Condition cause : null
2024-01-16 14:36:53,649 [WARN] ConditionMgr:1039 - genDependencies : Invalid condition id : LAN8742 Phy interface Condition cause : null
2024-01-16 14:36:53,650 [WARN] ConditionMgr:1039 - genDependencies : Invalid condition id : LAN8742 Phy interface Condition cause : null
2024-01-16 14:36:53,658 [WARN] PackLoader:240 - Cannot read IP mode file for RoweBots.I-CUBE-UNISONRTOS.5.5.0-4
2024-01-16 14:36:53,671 [WARN] ConditionMgr:438 - getConditionDescription Invalid condition id : UX DEVICE CLASS RTOS Condition cause : null
2024-01-16 14:36:53,671 [WARN] ConditionMgr:438 - getConditionDescription Invalid condition id : UX DEVICE CLASS RTOS Condition cause : null
2024-01-16 14:36:53,673 [WARN] PackLoader:240 - Cannot read IP mode file for STMicroelectronics.X-CUBE-AZRTOS-WB.2.0.0
2024-01-16 14:36:53,674 [WARN] ConditionMgr:1039 - genDependencies : Invalid condition id : UX DEVICE CLASS RTOS Condition cause : null
2024-01-16 14:36:53,674 [WARN] ConditionMgr:1039 - genDependencies : Invalid condition id : UX DEVICE CLASS RTOS Condition cause : null
2024-01-16 14:36:53,674 [WARN] ConditionMgr:1039 - genDependencies : Invalid condition id : UX DEVICE CLASS RTOS Condition cause : null
2024-01-16 14:36:53,675 [WARN] ConditionMgr:1039 - genDependencies : Invalid condition id : UX DEVICE CLASS RTOS Condition cause : null
2024-01-16 14:36:53,675 [WARN] ConditionMgr:1039 - genDependencies : Invalid condition id : UX DEVICE CLASS RTOS Condition cause : null
2024-01-16 14:36:53,682 [WARN] PackLoader:240 - Cannot read IP mode file for STMicroelectronics.X-CUBE-BLEMGR.1.0.0
2024-01-16 14:36:53,697 [WARN] PackLoader:240 - Cannot read IP mode file for STMicroelectronics.X-CUBE-AZRTOS-G4.2.0.0
2024-01-16 14:36:53,703 [WARN] PackLoader:240 - Cannot read IP mode file for STMicroelectronics.FP-ATR-ASTRA1.1.1.1
2024-01-16 14:36:53,714 [WARN] PackLoader:240 - Cannot read IP mode file for Infineon.AIROC-Wi-Fi-Bluetooth-STM32.1.5.1
2024-01-16 14:36:53,722 [WARN] PackLoader:240 - Cannot read IP mode file for STMicroelectronics.FP-SNS-MOTENVWB1.1.3.1
2024-01-16 14:36:53,732 [WARN] PackLoader:240 - Cannot read IP mode file for STMicroelectronics.X-CUBE-AZRTOS-G4.1.0.0
2024-01-16 14:36:53,745 [WARN] PackLoader:240 - Cannot read IP mode file for STMicroelectronics.X-CUBE-AZRTOS-L4.1.0.0
2024-01-16 14:36:53,750 [WARN] PackLoader:240 - Cannot read IP mode file for STMicroelectronics.X-CUBE-ISPU.2.0.0
2024-01-16 14:36:53,784 [WARN] PackLoader:240 - Cannot read IP mode file for STMicroelectronics.X-CUBE-MEMS1.10.0.0
2024-01-16 14:36:53,881 [WARN] PackLoader:240 - Cannot read IP mode file for STMicroelectronics.X-CUBE-FREERTOS.1.1.0
2024-01-16 14:36:53,890 [WARN] PackLoader:240 - Cannot read IP mode file for STMicroelectronics.X-CUBE-AZRTOS-WL.1.0.0
2024-01-16 14:36:53,915 [WARN] PackLoader:240 - Cannot read IP mode file for STMicroelectronics.X-CUBE-MEMS1.9.1.0
2024-01-16 14:36:53,996 [WARN] PackLoader:240 - Cannot read IP mode file for portGmbH.I-Cube-SoM-uGOAL.1.1.0
2024-01-16 14:36:54,001 [WARN] PackLoader:240 - Cannot read IP mode file for STMicroelectronics.X-CUBE-ALS.1.0.1
2024-01-16 14:36:54,005 [WARN] PackLoader:240 - Cannot read IP mode file for STMicroelectronics.X-CUBE-AI.7.0.0
2024-01-16 14:36:54,015 [WARN] PackLoader:240 - Cannot read IP mode file for STMicroelectronics.X-CUBE-AZRTOS-L5.1.0.0
2024-01-16 14:36:54,021 [WARN] PackLoader:240 - Cannot read IP mode file for STMicroelectronics.X-CUBE-EEPRMA1.3.1.0
2024-01-16 14:36:54,025 [WARN] PackLoader:240 - Cannot read IP mode file for STMicroelectronics.X-CUBE-EEPRMA1.3.1.1
2024-01-16 14:36:54,031 [WARN] PackLoader:240 - Cannot read IP mode file for STMicroelectronics.X-CUBE-GNSS1.5.2.0
2024-01-16 14:36:54,035 [WARN] PackLoader:240 - Cannot read IP mode file for STMicroelectronics.FP-ATR-ASTRA1.2.0.0
2024-01-16 14:36:54,043 [WARN] PackLoader:240 - Cannot read IP mode file for STMicroelectronics.X-CUBE-TOF1.3.4.0
2024-01-16 14:36:54,064 [WARN] PackLoader:240 - Cannot read IP mode file for STMicroelectronics.X-CUBE-AZRTOS-H7.3.2.0
2024-01-16 14:36:54,067 [INFO] ThirdParty:978 - Integrity check success = true
2024-01-16 14:36:54,067 [INFO] IntegrityCheckThread:100 - exiting critical section [integrity check]
2024-01-16 14:36:54,067 [INFO] IntegrityCheckThread:103 - End integrity checks thread
2024-01-16 14:36:55,412 [INFO] WebApp:161 - Instantiating new browser for Auth
2024-01-16 14:36:55,861 [INFO] WebApp:780 - Register for checkConnection events
2024-01-16 14:36:55,861 [INFO] WebApp:414 - Apply proxy settings
2024-01-16 14:36:55,861 [INFO] WebApp:499 - Chromium requires no authentication
2024-01-16 14:36:55,867 [INFO] WebApp:442 - Direct internet connection detected
2024-01-16 14:36:56,000 [INFO] WebApp:192 - Starting web application
2024-01-16 14:36:56,001 [INFO] WebApp:544 - Web application path used Z:\STM32CubeIDE_1.14.1\STM32CubeIDE\plugins\com.st.stm32cube.common.mx_6.10.0.202311202037\db\plugins\mcufinder\reactClient1\index.html
2024-01-16 14:37:16,711 [ERROR] LogOutputStream:75 - [STDERR_REDIRECT] SLF4J: Failed to load class "org.slf4j.impl.StaticLoggerBinder".
2024-01-16 14:37:16,711 [ERROR] LogOutputStream:75 - [STDERR_REDIRECT] SLF4J: Defaulting to no-operation (NOP) logger implementation
2024-01-16 14:37:16,712 [ERROR] LogOutputStream:75 - [STDERR_REDIRECT] SLF4J: See http://www.slf4j.org/codes.html#StaticLoggerBinder for further details.
2024-01-16 14:39:00,912 [INFO] McuFinderGlobals:63 - Set McuFinder mode to 2 (CubeIDE integrated)
2024-01-16 14:39:00,914 [INFO] MainUpdater:2873 - connection check result : 10
2024-01-16 14:39:01,182 [INFO] ApiDb:581 - Connected to CubeFinder SQLite database (C:\Users\ymtdy\.stmcufinder\plugins\mcufinder\mcu\cube-finder-db.db)
2024-01-16 14:39:01,263 [INFO] ApiDb:668 - CubeFinder database Data Model version=2.1
2024-01-16 14:39:01,263 [INFO] ApiDb:669 - CubeFinder database Configuration version=3.0.39
2024-01-16 14:39:01,263 [INFO] ApiDb:670 - CubeFinder database generation date=2023-12-08 (1702028721)
2024-01-16 14:39:01,263 [INFO] ApiDb:671 - CubeFinder database FW Pack versions=[FP-ATR-ASTRA1_V2.0.0, FP-SNS-FLIGHT1_V5.0.1, FP-SNS-FLIGHT1_V5.0.2, FP-SNS-MOTENV1_V4.3.1, FP-SNS-MOTENV1_V4.3.2, FP-SNS-MOTENVWB1_V1.3.1, FP-SNS-SMARTAG2_V1.2.0, STM32Cube_FW_C0_V1.1.0, STM32Cube_FW_F4_V1.28.0, STM32Cube_FW_F7_V1.17.0, STM32Cube_FW_G0_V1.6.1, STM32Cube_FW_G4_V1.5.1, STM32Cube_FW_H5_V0.5.1, STM32Cube_FW_H5_V1.1.1, STM32Cube_FW_H5_V1.2.0RC2, STM32Cube_FW_H7_V1.11.0, STM32Cube_FW_L0_V1.12.2, STM32Cube_FW_L5_V1.5.0, STM32Cube_FW_U5_V1.3.0RC4, STM32Cube_FW_U5_V1.4.0, STM32Cube_FW_WBA_V1.0.0RC1, STM32Cube_FW_WBA_V1.1.0RC1, STM32Cube_FW_WBA_V1.2.0, STM32Cube_FW_WBA_V1.2.0RC2, STM32Cube_FW_WB_V1.15.0RC1, STM32Cube_FW_WB_V1.16.0, STM32Cube_FW_WB_V1.16.0RC2, STM32Cube_FW_WB_V1.18.0, STM32Cube_FW_WL_V1.3.0, X-CUBE-ALGOBUILD_V1.3.0, X-CUBE-ALS_V1.0.1, X-CUBE-AZRTOS-F4_V1.1.0, X-CUBE-AZRTOS-F7_V1.1.0, X-CUBE-AZRTOS-G0_V1.1.0, X-CUBE-AZRTOS-G4_V2.0.0, X-CUBE-AZRTOS-H7_V3.1.0, X-CUBE-AZRTOS-L4_V1.0.0, X-CUBE-AZRTOS-L4_V2.0.0, X-CUBE-AZRTOS-L5_V1.1.0, X-CUBE-AZRTOS-WB_V2.0.0, X-CUBE-AZRTOS-WL_V2.0.0, X-CUBE-BLE1_V7.0.0, X-CUBE-BLE2_V3.3.0, X-CUBE-BLEMGR_V3.0.0, X-CUBE-EEPRMA1_V4.1.0, X-CUBE-EEPRMA1_V4.2.0, X-CUBE-FREERTOS_V1.1.0, X-CUBE-GNSS1_V6.0.0, X-CUBE-MEMS1_V10.0.0, X-CUBE-MEMS1_V9.1.0, X-CUBE-MEMS1_V9.4.0, X-CUBE-MEMS1_V9.6.0, X-CUBE-NFC4_V3.0.0, X-CUBE-NFC7_V1.0.1, X-CUBE-SFXS2LP1_V4.0.0, X-CUBE-SUBG2_V5.0.0, X-CUBE-TOF1_V3.4.0]
2024-01-16 14:39:01,387 [INFO] DbBoardsSqlite:226 - include board P-NUCLEO-WB55-NUCLEO as a kit item of type 'Nucleo-64'
2024-01-16 14:39:01,387 [INFO] DbBoardsSqlite:226 - include board P-NUCLEO-WB55-USBDONGLE as a kit item of type 'Nucleo USB Dongle'
2024-01-16 14:39:01,388 [INFO] DbBoardsSqlite:226 - include board STEVAL-IDP005V1 as a kit item of type 'Evaluation Board'
2024-01-16 14:39:01,389 [INFO] DbBoardsSqlite:226 - include board STEVAL-IDP005V2 as a kit item of type 'Evaluation Board'
2024-01-16 14:39:01,837 [INFO] ApiDb:240 - Found 371 in-development CPN: [B-G473E-ZEST1S, B-WB1M-WPAN1, B-WL5M-SUBG1, NUCLEO-C031C6, NUCLEO-H503RB, NUCLEO-H563ZI, NUCLEO-U545RE-Q, NUCLEO-U5A5ZJ-Q, NUCLEO-WBA52CG, NUCLEO-WBA55CG, STEVAL-MKBOXPRO, STEVAL-PROTEUS1, STEVAL-STWINBX1, STM320518-EVAL, STM32C0116-DK, STM32C011D6Y3TR, STM32C011D6Y6TR, STM32C011F4P3, STM32C011F4P6, STM32C011F4U3, STM32C011F4U6TR, STM32C011F6P3, STM32C011F6P6, STM32C011F6U3, STM32C011F6U6TR, STM32C011J4M3, STM32C011J4M6, STM32C011J6M3, STM32C011J6M6, STM32C0316-DK, STM32C031C4T3, STM32C031C4T6, STM32C031C4U3, STM32C031C4U6, STM32C031C6T3, STM32C031C6T6, STM32C031C6U3, STM32C031C6U6, STM32C031F4P3, STM32C031F4P6, STM32C031F6P3, STM32C031F6P6, STM32C031G4U3, STM32C031G4U6, STM32C031G6U3, STM32C031G6U6, STM32C031K4T3, STM32C031K4T6, STM32C031K4U3, STM32C031K4U6, STM32C031K6T3, STM32C031K6T6, STM32C031K6U3, STM32C031K6U6, STM32G071K8TXN, STM32G071K8UXN, STM32G081GBU6N, STM32G081KBT6N, STM32G081KBUXN, STM32G0B1CCT6N, STM32G0B1KCT6, STM32G0B1NEY6TR, STM32G0B1RCT6N, STM32G0C1CCT6, STM32G0C1CCT6N, STM32G0C1CCU6N, STM32G0C1CET6N, STM32G0C1CEU6N, STM32G0C1KCT6, STM32G0C1NEY6TR, STM32G0C1RCI6N, STM32G0C1RCT6N, STM32G0C1REI6N, STM32G0C1RET6N, STM32G0C1VCI6, STM32G0C1VEI6, STM32G471CCT6, STM32G471CCU6, STM32G471CET3, STM32G471CET6, STM32G471CEU3, STM32G471CEU6, STM32G471MCT6, STM32G471MET3, STM32G471MET6, STM32G471MEY6TR, STM32G471QCT6, STM32G471QET3, STM32G471RCT6, STM32G471RET3, STM32G471RET6, STM32G471VCH6, STM32G471VCI6, STM32G471VCT6, STM32G471VEH3, STM32G471VEH6, STM32G471VEI3, STM32G471VEI6, STM32G471VET3, STM32G471VET6, STM32G474CCT6, STM32H503CBT6, STM32H503CBU6, STM32H503EBY6TR, STM32H503KBU6, STM32H503RBT6, STM32H562AGI6, STM32H562AII6, STM32H562IGK6, STM32H562IGT6, STM32H562IIK6, STM32H562IIT6, STM32H562RGT6, STM32H562RGV6, STM32H562RIT6, STM32H562RIV6, STM32H562VGT6, STM32H562VIT6, STM32H562ZGT6, STM32H562ZIT6, STM32H563AGI6, STM32H563AII3Q, STM32H563AII6, STM32H563IGK6, STM32H563IGT6, STM32H563IIK3Q, STM32H563IIK6, STM32H563IIT3Q, STM32H563IIT6, STM32H563MIY3QTR, STM32H563RGT6, STM32H563RGV6, STM32H563RIT6, STM32H563RIV6, STM32H563VGT6, STM32H563VIT3Q, STM32H563VIT6, STM32H563ZGT6, STM32H563ZIT3Q, STM32H563ZIT6, STM32H573AII3Q, STM32H573AII6, STM32H573I-DK, STM32H573IIK3Q, STM32H573IIK6, STM32H573IIT3Q, STM32H573IIT6, STM32H573MIY3QTR, STM32H573RIT6, STM32H573RIV6, STM32H573VIT3Q, STM32H573VIT6, STM32H573ZIT3Q, STM32H573ZIT6, STM32L4R5QGI6STR, STM32MP131AAE3, STM32MP131AAF3, STM32MP131AAG3, STM32MP131CAE3, STM32MP131CAF3, STM32MP131CAG3, STM32MP131DAE7, STM32MP131DAF7, STM32MP131DAG7, STM32MP131FAE7, STM32MP131FAF7, STM32MP131FAG7, STM32MP133AAE3, STM32MP133AAF3, STM32MP133AAG3, STM32MP133CAE3, STM32MP133CAF3, STM32MP133CAG3, STM32MP133DAE7, STM32MP133DAF7, STM32MP133DAG7, STM32MP133FAE7, STM32MP133FAF7, STM32MP133FAG7, STM32MP135AAE3, STM32MP135AAF3, STM32MP135AAG3, STM32MP135CAE3, STM32MP135CAF3, STM32MP135CAG3, STM32MP135DAE7, STM32MP135DAF7, STM32MP135DAG7, STM32MP135F-DK, STM32MP135FAE7, STM32MP135FAF7, STM32MP135FAF7T, STM32MP135FAF7U, STM32MP135FAG7, STM32U535CBT6, STM32U535CBT6Q, STM32U535CBU6, STM32U535CBU6Q, STM32U535CCT6, STM32U535CCT6Q, STM32U535CCU6, STM32U535CCU6Q, STM32U535CET6, STM32U535CET6Q, STM32U535CEU6, STM32U535CEU6Q, STM32U535JEY6QTR, STM32U535NCY6QTR, STM32U535NEY6QTR, STM32U535RBI6, STM32U535RBI6Q, STM32U535RBT6, STM32U535RBT6Q, STM32U535RCI6, STM32U535RCI6Q, STM32U535RCT6, STM32U535RCT6Q, STM32U535REI6, STM32U535REI6Q, STM32U535RET6, STM32U535RET6Q, STM32U535VCI6, STM32U535VCI6Q, STM32U535VCT6, STM32U535VCT6Q, STM32U535VEI6, STM32U535VEI6Q, STM32U535VET6, STM32U535VET6Q, STM32U545CET6, STM32U545CET6Q, STM32U545CEU6, STM32U545CEU6Q, STM32U545JEY6QTR, STM32U545NEY6QTR, STM32U545REI6, STM32U545REI6Q, STM32U545RET6, STM32U545RET6Q, STM32U545VEI6, STM32U545VEI6Q, STM32U545VET6, STM32U545VET6Q, STM32U595AIH6, STM32U595AIH6Q, STM32U595AJH6, STM32U595AJH6Q, STM32U595QII6, STM32U595QII6Q, STM32U595QJI6, STM32U595QJI6Q, STM32U595RIT6, STM32U595RIT6Q, STM32U595RJT6, STM32U595RJT6Q, STM32U595VIT6, STM32U595VIT6Q, STM32U595VJT6, STM32U595VJT6Q, STM32U595ZIT6, STM32U595ZIT6Q, STM32U595ZIY6QTR, STM32U595ZJT6, STM32U595ZJT6Q, STM32U595ZJY6QTR, STM32U599BJY6QTR, STM32U599NIH6Q, STM32U599NJH6Q, STM32U599VIT6Q, STM32U599VJT6, STM32U599VJT6Q, STM32U599ZIT6Q, STM32U599ZIY6QTR, STM32U599ZJT6Q, STM32U599ZJY6QTR, STM32U5A5AJH6, STM32U5A5AJH6Q, STM32U5A5QJI6, STM32U5A5QJI6Q, STM32U5A5RJT6, STM32U5A5RJT6Q, STM32U5A5VJT6, STM32U5A5VJT6Q, STM32U5A5ZJT6, STM32U5A5ZJT6Q, STM32U5A5ZJY6QTR, STM32U5A9BJY6QTR, STM32U5A9J-DK, STM32U5A9NJH6Q, STM32U5A9VJT6Q, STM32U5A9ZJT6Q, STM32U5A9ZJY6QTR, STM32U5F7VIT6, STM32U5F7VIT6Q, STM32U5F7VJT6, STM32U5F7VJT6Q, STM32U5F9BJY6QTR, STM32U5F9NJH6Q, STM32U5F9VIT6Q, STM32U5F9VJT6Q, STM32U5F9ZIJ6QTR, STM32U5F9ZIT6Q, STM32U5F9ZJJ6QTR, STM32U5F9ZJT6Q, STM32U5G7VJT6, STM32U5G7VJT6Q, STM32U5G9BJY6QTR, STM32U5G9J-DK1, STM32U5G9J-DK2, STM32U5G9NJH6Q, STM32U5G9VJT6Q, STM32U5G9ZJJ6QTR, STM32U5G9ZJT6Q, STM32WB1MMCH6, STM32WBA50KEU6, STM32WBA50KEU6TR, STM32WBA50KGU6, STM32WBA50KGU6TR, STM32WBA52CEU6, STM32WBA52CEU6TR, STM32WBA52CEU7, STM32WBA52CEU7TR, STM32WBA52CGU6, STM32WBA52CGU6TR, STM32WBA52CGU6U, STM32WBA52CGU7, STM32WBA52CGU7TR, STM32WBA52KEU6, STM32WBA52KEU6TR, STM32WBA52KGU6, STM32WBA52KGU6TR, STM32WBA54CEU6, STM32WBA54CEU6TR, STM32WBA54CEU7, STM32WBA54CEU7TR, STM32WBA54CGU6, STM32WBA54CGU6TR, STM32WBA54CGU7, STM32WBA54CGU7TR, STM32WBA54KEU6, STM32WBA54KEU6TR, STM32WBA54KEU7, STM32WBA54KEU7TR, STM32WBA54KGU6, STM32WBA54KGU6TR, STM32WBA54KGU7, STM32WBA54KGU7TR, STM32WBA55CEU6, STM32WBA55CEU6TR, STM32WBA55CEU7, STM32WBA55CEU7TR, STM32WBA55CGU6, STM32WBA55CGU6TR, STM32WBA55CGU6U, STM32WBA55CGU7, STM32WBA55CGU7TR, STM32WBA55G-DK1, STM32WBA55HEF6, STM32WBA55HEF7, STM32WBA55HGF6, STM32WBA55HGF7, STM32WBA55UEI6, STM32WBA55UEI6TR, STM32WBA55UEI7, STM32WBA55UEI7TR, STM32WBA55UGI6, STM32WBA55UGI6TR, STM32WBA55UGI7, STM32WBA55UGI7TR, STM32WL5MOCH6, STM32WL5MOCH6TR]
2024-01-16 14:39:01,914 [INFO] BoardInfo:889 - No configuration file found for board P-NUCLEO-WB55
2024-01-16 14:39:01,914 [INFO] DbBoards:161 - Kit is not supported: P-NUCLEO-WB55
2024-01-16 14:39:01,918 [INFO] BoardInfo:889 - No configuration file found for board STEVAL-BFA001V1B
2024-01-16 14:39:01,918 [INFO] DbBoards:161 - Kit is not supported: STEVAL-BFA001V1B
2024-01-16 14:39:01,918 [INFO] BoardInfo:889 - No configuration file found for board STEVAL-BFA001V2B
2024-01-16 14:39:01,919 [INFO] DbBoards:161 - Kit is not supported: STEVAL-BFA001V2B
2024-01-16 14:39:02,019 [INFO] DbBoards:168 - Found 193 boards, 190 are supported
2024-01-16 14:39:02,019 [INFO] DbBoards:169 - Found 193 boards, 3 of them is supported for  Bsp
2024-01-16 14:39:02,023 [INFO] ApiDb:668 - CubeFinder database Data Model version=2.1
2024-01-16 14:39:02,023 [INFO] ApiDb:669 - CubeFinder database Configuration version=3.0.39
2024-01-16 14:39:02,023 [INFO] ApiDb:670 - CubeFinder database generation date=2023-12-08 (1702028721)
2024-01-16 14:39:02,023 [INFO] ApiDb:671 - CubeFinder database FW Pack versions=[FP-ATR-ASTRA1_V2.0.0, FP-SNS-FLIGHT1_V5.0.1, FP-SNS-FLIGHT1_V5.0.2, FP-SNS-MOTENV1_V4.3.1, FP-SNS-MOTENV1_V4.3.2, FP-SNS-MOTENVWB1_V1.3.1, FP-SNS-SMARTAG2_V1.2.0, STM32Cube_FW_C0_V1.1.0, STM32Cube_FW_F4_V1.28.0, STM32Cube_FW_F7_V1.17.0, STM32Cube_FW_G0_V1.6.1, STM32Cube_FW_G4_V1.5.1, STM32Cube_FW_H5_V0.5.1, STM32Cube_FW_H5_V1.1.1, STM32Cube_FW_H5_V1.2.0RC2, STM32Cube_FW_H7_V1.11.0, STM32Cube_FW_L0_V1.12.2, STM32Cube_FW_L5_V1.5.0, STM32Cube_FW_U5_V1.3.0RC4, STM32Cube_FW_U5_V1.4.0, STM32Cube_FW_WBA_V1.0.0RC1, STM32Cube_FW_WBA_V1.1.0RC1, STM32Cube_FW_WBA_V1.2.0, STM32Cube_FW_WBA_V1.2.0RC2, STM32Cube_FW_WB_V1.15.0RC1, STM32Cube_FW_WB_V1.16.0, STM32Cube_FW_WB_V1.16.0RC2, STM32Cube_FW_WB_V1.18.0, STM32Cube_FW_WL_V1.3.0, X-CUBE-ALGOBUILD_V1.3.0, X-CUBE-ALS_V1.0.1, X-CUBE-AZRTOS-F4_V1.1.0, X-CUBE-AZRTOS-F7_V1.1.0, X-CUBE-AZRTOS-G0_V1.1.0, X-CUBE-AZRTOS-G4_V2.0.0, X-CUBE-AZRTOS-H7_V3.1.0, X-CUBE-AZRTOS-L4_V1.0.0, X-CUBE-AZRTOS-L4_V2.0.0, X-CUBE-AZRTOS-L5_V1.1.0, X-CUBE-AZRTOS-WB_V2.0.0, X-CUBE-AZRTOS-WL_V2.0.0, X-CUBE-BLE1_V7.0.0, X-CUBE-BLE2_V3.3.0, X-CUBE-BLEMGR_V3.0.0, X-CUBE-EEPRMA1_V4.1.0, X-CUBE-EEPRMA1_V4.2.0, X-CUBE-FREERTOS_V1.1.0, X-CUBE-GNSS1_V6.0.0, X-CUBE-MEMS1_V10.0.0, X-CUBE-MEMS1_V9.1.0, X-CUBE-MEMS1_V9.4.0, X-CUBE-MEMS1_V9.6.0, X-CUBE-NFC4_V3.0.0, X-CUBE-NFC7_V1.0.1, X-CUBE-SFXS2LP1_V4.0.0, X-CUBE-SUBG2_V5.0.0, X-CUBE-TOF1_V3.4.0]
2024-01-16 14:39:03,783 [INFO] ApiDb:240 - Found 371 in-development CPN: [B-G473E-ZEST1S, B-WB1M-WPAN1, B-WL5M-SUBG1, NUCLEO-C031C6, NUCLEO-H503RB, NUCLEO-H563ZI, NUCLEO-U545RE-Q, NUCLEO-U5A5ZJ-Q, NUCLEO-WBA52CG, NUCLEO-WBA55CG, STEVAL-MKBOXPRO, STEVAL-PROTEUS1, STEVAL-STWINBX1, STM320518-EVAL, STM32C0116-DK, STM32C011D6Y3TR, STM32C011D6Y6TR, STM32C011F4P3, STM32C011F4P6, STM32C011F4U3, STM32C011F4U6TR, STM32C011F6P3, STM32C011F6P6, STM32C011F6U3, STM32C011F6U6TR, STM32C011J4M3, STM32C011J4M6, STM32C011J6M3, STM32C011J6M6, STM32C0316-DK, STM32C031C4T3, STM32C031C4T6, STM32C031C4U3, STM32C031C4U6, STM32C031C6T3, STM32C031C6T6, STM32C031C6U3, STM32C031C6U6, STM32C031F4P3, STM32C031F4P6, STM32C031F6P3, STM32C031F6P6, STM32C031G4U3, STM32C031G4U6, STM32C031G6U3, STM32C031G6U6, STM32C031K4T3, STM32C031K4T6, STM32C031K4U3, STM32C031K4U6, STM32C031K6T3, STM32C031K6T6, STM32C031K6U3, STM32C031K6U6, STM32G071K8TXN, STM32G071K8UXN, STM32G081GBU6N, STM32G081KBT6N, STM32G081KBUXN, STM32G0B1CCT6N, STM32G0B1KCT6, STM32G0B1NEY6TR, STM32G0B1RCT6N, STM32G0C1CCT6, STM32G0C1CCT6N, STM32G0C1CCU6N, STM32G0C1CET6N, STM32G0C1CEU6N, STM32G0C1KCT6, STM32G0C1NEY6TR, STM32G0C1RCI6N, STM32G0C1RCT6N, STM32G0C1REI6N, STM32G0C1RET6N, STM32G0C1VCI6, STM32G0C1VEI6, STM32G471CCT6, STM32G471CCU6, STM32G471CET3, STM32G471CET6, STM32G471CEU3, STM32G471CEU6, STM32G471MCT6, STM32G471MET3, STM32G471MET6, STM32G471MEY6TR, STM32G471QCT6, STM32G471QET3, STM32G471RCT6, STM32G471RET3, STM32G471RET6, STM32G471VCH6, STM32G471VCI6, STM32G471VCT6, STM32G471VEH3, STM32G471VEH6, STM32G471VEI3, STM32G471VEI6, STM32G471VET3, STM32G471VET6, STM32G474CCT6, STM32H503CBT6, STM32H503CBU6, STM32H503EBY6TR, STM32H503KBU6, STM32H503RBT6, STM32H562AGI6, STM32H562AII6, STM32H562IGK6, STM32H562IGT6, STM32H562IIK6, STM32H562IIT6, STM32H562RGT6, STM32H562RGV6, STM32H562RIT6, STM32H562RIV6, STM32H562VGT6, STM32H562VIT6, STM32H562ZGT6, STM32H562ZIT6, STM32H563AGI6, STM32H563AII3Q, STM32H563AII6, STM32H563IGK6, STM32H563IGT6, STM32H563IIK3Q, STM32H563IIK6, STM32H563IIT3Q, STM32H563IIT6, STM32H563MIY3QTR, STM32H563RGT6, STM32H563RGV6, STM32H563RIT6, STM32H563RIV6, STM32H563VGT6, STM32H563VIT3Q, STM32H563VIT6, STM32H563ZGT6, STM32H563ZIT3Q, STM32H563ZIT6, STM32H573AII3Q, STM32H573AII6, STM32H573I-DK, STM32H573IIK3Q, STM32H573IIK6, STM32H573IIT3Q, STM32H573IIT6, STM32H573MIY3QTR, STM32H573RIT6, STM32H573RIV6, STM32H573VIT3Q, STM32H573VIT6, STM32H573ZIT3Q, STM32H573ZIT6, STM32L4R5QGI6STR, STM32MP131AAE3, STM32MP131AAF3, STM32MP131AAG3, STM32MP131CAE3, STM32MP131CAF3, STM32MP131CAG3, STM32MP131DAE7, STM32MP131DAF7, STM32MP131DAG7, STM32MP131FAE7, STM32MP131FAF7, STM32MP131FAG7, STM32MP133AAE3, STM32MP133AAF3, STM32MP133AAG3, STM32MP133CAE3, STM32MP133CAF3, STM32MP133CAG3, STM32MP133DAE7, STM32MP133DAF7, STM32MP133DAG7, STM32MP133FAE7, STM32MP133FAF7, STM32MP133FAG7, STM32MP135AAE3, STM32MP135AAF3, STM32MP135AAG3, STM32MP135CAE3, STM32MP135CAF3, STM32MP135CAG3, STM32MP135DAE7, STM32MP135DAF7, STM32MP135DAG7, STM32MP135F-DK, STM32MP135FAE7, STM32MP135FAF7, STM32MP135FAF7T, STM32MP135FAF7U, STM32MP135FAG7, STM32U535CBT6, STM32U535CBT6Q, STM32U535CBU6, STM32U535CBU6Q, STM32U535CCT6, STM32U535CCT6Q, STM32U535CCU6, STM32U535CCU6Q, STM32U535CET6, STM32U535CET6Q, STM32U535CEU6, STM32U535CEU6Q, STM32U535JEY6QTR, STM32U535NCY6QTR, STM32U535NEY6QTR, STM32U535RBI6, STM32U535RBI6Q, STM32U535RBT6, STM32U535RBT6Q, STM32U535RCI6, STM32U535RCI6Q, STM32U535RCT6, STM32U535RCT6Q, STM32U535REI6, STM32U535REI6Q, STM32U535RET6, STM32U535RET6Q, STM32U535VCI6, STM32U535VCI6Q, STM32U535VCT6, STM32U535VCT6Q, STM32U535VEI6, STM32U535VEI6Q, STM32U535VET6, STM32U535VET6Q, STM32U545CET6, STM32U545CET6Q, STM32U545CEU6, STM32U545CEU6Q, STM32U545JEY6QTR, STM32U545NEY6QTR, STM32U545REI6, STM32U545REI6Q, STM32U545RET6, STM32U545RET6Q, STM32U545VEI6, STM32U545VEI6Q, STM32U545VET6, STM32U545VET6Q, STM32U595AIH6, STM32U595AIH6Q, STM32U595AJH6, STM32U595AJH6Q, STM32U595QII6, STM32U595QII6Q, STM32U595QJI6, STM32U595QJI6Q, STM32U595RIT6, STM32U595RIT6Q, STM32U595RJT6, STM32U595RJT6Q, STM32U595VIT6, STM32U595VIT6Q, STM32U595VJT6, STM32U595VJT6Q, STM32U595ZIT6, STM32U595ZIT6Q, STM32U595ZIY6QTR, STM32U595ZJT6, STM32U595ZJT6Q, STM32U595ZJY6QTR, STM32U599BJY6QTR, STM32U599NIH6Q, STM32U599NJH6Q, STM32U599VIT6Q, STM32U599VJT6, STM32U599VJT6Q, STM32U599ZIT6Q, STM32U599ZIY6QTR, STM32U599ZJT6Q, STM32U599ZJY6QTR, STM32U5A5AJH6, STM32U5A5AJH6Q, STM32U5A5QJI6, STM32U5A5QJI6Q, STM32U5A5RJT6, STM32U5A5RJT6Q, STM32U5A5VJT6, STM32U5A5VJT6Q, STM32U5A5ZJT6, STM32U5A5ZJT6Q, STM32U5A5ZJY6QTR, STM32U5A9BJY6QTR, STM32U5A9J-DK, STM32U5A9NJH6Q, STM32U5A9VJT6Q, STM32U5A9ZJT6Q, STM32U5A9ZJY6QTR, STM32U5F7VIT6, STM32U5F7VIT6Q, STM32U5F7VJT6, STM32U5F7VJT6Q, STM32U5F9BJY6QTR, STM32U5F9NJH6Q, STM32U5F9VIT6Q, STM32U5F9VJT6Q, STM32U5F9ZIJ6QTR, STM32U5F9ZIT6Q, STM32U5F9ZJJ6QTR, STM32U5F9ZJT6Q, STM32U5G7VJT6, STM32U5G7VJT6Q, STM32U5G9BJY6QTR, STM32U5G9J-DK1, STM32U5G9J-DK2, STM32U5G9NJH6Q, STM32U5G9VJT6Q, STM32U5G9ZJJ6QTR, STM32U5G9ZJT6Q, STM32WB1MMCH6, STM32WBA50KEU6, STM32WBA50KEU6TR, STM32WBA50KGU6, STM32WBA50KGU6TR, STM32WBA52CEU6, STM32WBA52CEU6TR, STM32WBA52CEU7, STM32WBA52CEU7TR, STM32WBA52CGU6, STM32WBA52CGU6TR, STM32WBA52CGU6U, STM32WBA52CGU7, STM32WBA52CGU7TR, STM32WBA52KEU6, STM32WBA52KEU6TR, STM32WBA52KGU6, STM32WBA52KGU6TR, STM32WBA54CEU6, STM32WBA54CEU6TR, STM32WBA54CEU7, STM32WBA54CEU7TR, STM32WBA54CGU6, STM32WBA54CGU6TR, STM32WBA54CGU7, STM32WBA54CGU7TR, STM32WBA54KEU6, STM32WBA54KEU6TR, STM32WBA54KEU7, STM32WBA54KEU7TR, STM32WBA54KGU6, STM32WBA54KGU6TR, STM32WBA54KGU7, STM32WBA54KGU7TR, STM32WBA55CEU6, STM32WBA55CEU6TR, STM32WBA55CEU7, STM32WBA55CEU7TR, STM32WBA55CGU6, STM32WBA55CGU6TR, STM32WBA55CGU6U, STM32WBA55CGU7, STM32WBA55CGU7TR, STM32WBA55G-DK1, STM32WBA55HEF6, STM32WBA55HEF7, STM32WBA55HGF6, STM32WBA55HGF7, STM32WBA55UEI6, STM32WBA55UEI6TR, STM32WBA55UEI7, STM32WBA55UEI7TR, STM32WBA55UGI6, STM32WBA55UGI6TR, STM32WBA55UGI7, STM32WBA55UGI7TR, STM32WL5MOCH6, STM32WL5MOCH6TR]
2024-01-16 14:39:03,787 [INFO] DbMcus:218 - Found 3930 MCUs, 3930 are supported
2024-01-16 14:39:03,787 [INFO] ApiDb:414 - User favorites file not found: C:\Users\ymtdy/.stm32cubeide/favorites.mcus.txt
2024-01-16 14:39:03,788 [INFO] DbMcus:224 - Set 0 / 0 favorites MCUs
2024-01-16 14:39:03,932 [INFO] ApiDb:414 - User favorites file not found: C:\Users\ymtdy/.stm32cubeide/favorites.boards.txt
2024-01-16 14:39:03,932 [INFO] DbBoards:198 - Set 0 / 0 favorites Boards
2024-01-16 14:39:03,932 [INFO] McuFinderGlobals:76 - Set McuFinderConnectedMode to true
2024-01-16 14:39:03,938 [INFO] MultiScanPanel:200 - Auto-refresh data requested => check proxy status ongoing
2024-01-16 14:39:03,940 [INFO] FinderPluginLoader:95 - Searching for filters in installed packs
2024-01-16 14:39:05,102 [INFO] LoadUrlFilesThread:185 - End of LoadServerUrlFiles without Thread
2024-01-16 14:39:05,114 [INFO] DetailPanel:341 - Set advertising image to C:/Users/ymtdy/STM32Cube/Repository/\en.prom-stm32wl3-mcu-finder.jpg
2024-01-16 14:39:16,494 [INFO] MainUpdater:2873 - connection check result : 10
2024-01-16 14:39:16,495 [INFO] MainUpdater:2873 - connection check result : 10
2024-01-16 14:39:16,508 [INFO] MicroXplorer:468 - Change Database Path : 
2024-01-16 14:39:16,509 [INFO] MicroXplorer:498 - Change Database Version : DB.6.0.100
2024-01-16 14:39:16,512 [WARN] ThirdParty:871 - waiting for thirdparty lock release [close project]
2024-01-16 14:39:16,512 [INFO] ThirdParty:873 - entering critical section [close project]
2024-01-16 14:39:16,513 [INFO] ThirdParty:883 - exiting critical section [close project]
2024-01-16 14:39:16,516 [INFO] PinOutPanel:1499 - setPackage(No Configuration,No Configuration)
2024-01-16 14:39:16,519 [INFO] UtilMem:75 - Begin LoadConfig() Used Memory: 606369992 Bytes (947912704)
2024-01-16 14:39:30,842 [INFO] ServerAccessManage:473 - Download File stm32cube_db_v6030.zip
2024-01-16 14:39:34,620 [INFO] FileExtend:240 - Unzip File : stm32cube_db_v6030.zip
2024-01-16 14:39:34,620 [INFO] FileExtend:255 - Standard Zip Deflate
2024-01-16 14:39:41,823 [INFO] LoadServerPackagesThread:196 - End of LoadServerPackages Thread
2024-01-16 14:39:41,989 [INFO] CheckServerUpdateThread:120 - End of CheckServer Thread
2024-01-16 14:39:53,109 [INFO] MainUpdater:2873 - connection check result : 10
2024-01-16 14:39:53,109 [INFO] MainUpdater:2873 - connection check result : 10
2024-01-16 14:39:53,117 [INFO] MicroXplorer:468 - Change Database Path : 
2024-01-16 14:39:53,117 [INFO] MicroXplorer:498 - Change Database Version : DB.6.0.100
2024-01-16 14:39:53,117 [WARN] ThirdParty:871 - waiting for thirdparty lock release [close project]
2024-01-16 14:39:53,117 [INFO] ThirdParty:873 - entering critical section [close project]
2024-01-16 14:39:53,118 [INFO] ThirdParty:883 - exiting critical section [close project]
2024-01-16 14:39:53,118 [INFO] PinOutPanel:1499 - setPackage(No Configuration,No Configuration)
2024-01-16 14:39:53,119 [INFO] UtilMem:75 - Begin LoadConfig() Used Memory: 750991744 Bytes (1073741824)
2024-01-16 14:39:53,123 [INFO] MicroXplorer:468 - Change Database Path : C:/Users/ymtdy/.stm32cubemx/databases/DB.6.0.30/db/
2024-01-16 14:39:53,124 [INFO] MicroXplorer:498 - Change Database Version : DB.6.0.30
2024-01-16 14:39:55,269 [INFO] OpenFileManager:312 - Change cursor
2024-01-16 14:39:55,290 [INFO] Mcu:2016 - Initializing MCU STM32F091R(B-C)Tx STM32F091RCTx 
2024-01-16 14:39:55,291 [INFO] Mcu:2029 - No CPN specified => set CPN to STM32F091RCT6
2024-01-16 14:39:56,427 [INFO] Context:659 - Trying to add GPIOservice into a context  which must be forbidden
2024-01-16 14:39:56,798 [INFO] RtosManager:555 - Registered RTOS mode: class=CMSIS, group=RTOS, mode=CMSIS_V1, owner=FREERTOS
2024-01-16 14:39:56,799 [INFO] RtosManager:555 - Registered RTOS mode: class=CMSIS, group=RTOS2, mode=CMSIS_V2, owner=FREERTOS
2024-01-16 14:39:56,799 [INFO] RtosManager:555 - Registered RTOS mode: class=RTOS, group=Core, mode=CMSIS_V1, owner=FREERTOS
2024-01-16 14:39:56,799 [INFO] RtosManager:555 - Registered RTOS mode: class=RTOS, group=Core, mode=CMSIS_V2, owner=FREERTOS
2024-01-16 14:39:56,799 [WARN] ModelIntegratedComponent:184 - Missing modes for component STMicroelectronics:FreeRTOS:0.0.1:STMicroelectronics:RTOS:FreeRTOS:Core:::10.2.0:
2024-01-16 14:39:56,824 [WARN] ModelIntegratedComponent:63 - No mode defined for component null
2024-01-16 14:39:56,824 [WARN] ModelIntegratedComponent:63 - No mode defined for component null
2024-01-16 14:39:56,824 [WARN] ModelIntegratedComponent:63 - No mode defined for component null
2024-01-16 14:39:56,824 [WARN] ModelIntegratedComponent:63 - No mode defined for component null
2024-01-16 14:39:56,824 [WARN] ModelIntegratedComponent:63 - No mode defined for component null
2024-01-16 14:39:56,824 [WARN] ModelIntegratedComponent:63 - No mode defined for component null
2024-01-16 14:39:56,824 [WARN] ModelIntegratedComponent:63 - No mode defined for component null
2024-01-16 14:39:56,825 [WARN] ModelIntegratedComponent:63 - No mode defined for component null
2024-01-16 14:39:56,825 [WARN] ModelIntegratedComponent:63 - No mode defined for component null
2024-01-16 14:39:56,825 [WARN] ModelIntegratedComponent:63 - No mode defined for component null
2024-01-16 14:39:56,825 [WARN] ModelIntegratedComponent:63 - No mode defined for component null
2024-01-16 14:39:56,825 [WARN] ModelIntegratedComponent:63 - No mode defined for component null
2024-01-16 14:39:56,825 [WARN] ModelIntegratedComponent:63 - No mode defined for component null
2024-01-16 14:39:56,825 [WARN] ModelIntegratedComponent:63 - No mode defined for component null
2024-01-16 14:39:56,825 [WARN] ModelIntegratedComponent:63 - No mode defined for component null
2024-01-16 14:39:56,825 [WARN] ModelIntegratedComponent:63 - No mode defined for component null
2024-01-16 14:39:56,825 [WARN] ModelIntegratedComponent:63 - No mode defined for component null
2024-01-16 14:39:56,825 [WARN] ModelIntegratedComponent:63 - No mode defined for component null
2024-01-16 14:39:56,825 [WARN] ModelIntegratedComponent:63 - No mode defined for component null
2024-01-16 14:39:56,825 [WARN] ModelIntegratedComponent:63 - No mode defined for component null
2024-01-16 14:39:56,825 [WARN] ModelIntegratedComponent:63 - No mode defined for component null
2024-01-16 14:39:56,825 [WARN] ModelIntegratedComponent:63 - No mode defined for component null
2024-01-16 14:39:56,825 [WARN] ModelIntegratedComponent:63 - No mode defined for component null
2024-01-16 14:39:56,825 [WARN] ModelIntegratedComponent:63 - No mode defined for component null
2024-01-16 14:39:56,825 [WARN] ModelIntegratedComponent:63 - No mode defined for component null
2024-01-16 14:39:56,825 [WARN] ModelIntegratedComponent:63 - No mode defined for component null
2024-01-16 14:39:56,825 [WARN] ModelIntegratedComponent:63 - No mode defined for component null
2024-01-16 14:39:56,825 [WARN] ModelIntegratedComponent:63 - No mode defined for component null
2024-01-16 14:39:56,825 [WARN] ModelIntegratedComponent:63 - No mode defined for component null
2024-01-16 14:39:56,825 [WARN] ModelIntegratedComponent:63 - No mode defined for component null
2024-01-16 14:39:56,826 [WARN] ModelIntegratedComponent:63 - No mode defined for component null
2024-01-16 14:39:56,826 [WARN] ModelIntegratedComponent:63 - No mode defined for component null
2024-01-16 14:39:56,826 [WARN] ModelIntegratedComponent:63 - No mode defined for component null
2024-01-16 14:39:57,075 [INFO] ThirdPartyModel:298 - Start build external matchings
2024-01-16 14:39:57,858 [INFO] ThirdPartyModel:316 - End build external matchings
2024-01-16 14:39:58,111 [INFO] UtilMem:75 - End LoadConfig() Used Memory: 670102680 Bytes (1073741824)
2024-01-16 14:39:58,244 [INFO] MicroXplorer:468 - Change Database Path : 
2024-01-16 14:39:58,244 [INFO] MicroXplorer:498 - Change Database Version : DB.6.0.100
2024-01-16 14:39:58,244 [WARN] ThirdParty:833 - waiting for thirdparty lock release [change project]
2024-01-16 14:39:58,245 [INFO] ThirdParty:835 - entering critical section [change project]
2024-01-16 14:39:58,245 [INFO] ThirdParty:1030 - CMSIS Pack Vendor :wolfSSL I-CUBE-wolfSSL 5.0.0
2024-01-16 14:39:58,245 [INFO] ThirdParty:1030 - CMSIS Pack Vendor :STMicroelectronics USBPD 4.1
2024-01-16 14:39:58,245 [INFO] ThirdParty:1030 - CMSIS Pack Vendor :RoweBots I-CUBE-UNISONRTOS 5.5.0-4
2024-01-16 14:39:58,245 [INFO] ThirdParty:1030 - CMSIS Pack Vendor :STMicroelectronics X-CUBE-AZRTOS-H7 2.1.0
2024-01-16 14:39:58,245 [INFO] ThirdParty:1030 - CMSIS Pack Vendor :STMicroelectronics USB_HOST 2.0.0
2024-01-16 14:39:58,245 [INFO] ThirdParty:1030 - CMSIS Pack Vendor :STMicroelectronics LIBJPEG 8.0.0
2024-01-16 14:39:58,245 [INFO] ThirdParty:1030 - CMSIS Pack Vendor :STMicroelectronics X-CUBE-SMBUS 2.1.0
2024-01-16 14:39:58,245 [INFO] ThirdParty:1030 - CMSIS Pack Vendor :STMicroelectronics USB_DEVICE 3.0.0
2024-01-16 14:39:58,245 [INFO] ThirdParty:1030 - CMSIS Pack Vendor :STMicroelectronics X-CUBE-AZRTOS-WB 2.0.0
2024-01-16 14:39:58,245 [INFO] ThirdParty:1030 - CMSIS Pack Vendor :STMicroelectronics X-CUBE-BLEMGR 1.0.0
2024-01-16 14:39:58,245 [INFO] ThirdParty:1030 - CMSIS Pack Vendor :STMicroelectronics X-CUBE-TOUCHGFX 4.23.0
2024-01-16 14:39:58,245 [INFO] ThirdParty:1030 - CMSIS Pack Vendor :STMicroelectronics X-CUBE-AZRTOS-L5 2.0.0
2024-01-16 14:39:58,245 [INFO] ThirdParty:1030 - CMSIS Pack Vendor :STMicroelectronics USB_DEVICE 2.0.0
2024-01-16 14:39:58,245 [INFO] ThirdParty:1030 - CMSIS Pack Vendor :STMicroelectronics X-CUBE-EEPRMA1 4.2.0
2024-01-16 14:39:58,245 [INFO] ThirdParty:1030 - CMSIS Pack Vendor :ITTIA_DB I-CUBE-ITTIADB 8.8.0
2024-01-16 14:39:58,245 [INFO] ThirdParty:1030 - CMSIS Pack Vendor :STMicroelectronics FP-SNS-MOTENV1 4.3.2
2024-01-16 14:39:58,245 [INFO] ThirdParty:1030 - CMSIS Pack Vendor :STMicroelectronics X-CUBE-BLE1 6.2.3
2024-01-16 14:39:58,245 [INFO] ThirdParty:1030 - CMSIS Pack Vendor :STMicroelectronics FreeRTOS 0.0.1
2024-01-16 14:39:58,245 [INFO] ThirdParty:1030 - CMSIS Pack Vendor :STMicroelectronics X-CUBE-NFC4 3.0.0
2024-01-16 14:39:58,245 [INFO] ThirdParty:1030 - CMSIS Pack Vendor :SEGGER I-CUBE-embOS 1.2.0
2024-01-16 14:39:58,245 [INFO] ThirdParty:1030 - CMSIS Pack Vendor :STMicroelectronics STM32_WPAN 1.0.0
2024-01-16 14:39:58,245 [INFO] ThirdParty:1030 - CMSIS Pack Vendor :STMicroelectronics lwIP 2.0.3
2024-01-16 14:39:58,245 [INFO] ThirdParty:1030 - CMSIS Pack Vendor :STMicroelectronics X-CUBE-BLE1 6.2.2
2024-01-16 14:39:58,245 [INFO] ThirdParty:1030 - CMSIS Pack Vendor :STMicroelectronics FP-SNS-FLIGHT1 5.0.2
2024-01-16 14:39:58,246 [INFO] ThirdParty:1030 - CMSIS Pack Vendor :STMicroelectronics X-CUBE-BLE2 3.2.2
2024-01-16 14:39:58,246 [INFO] ThirdParty:1030 - CMSIS Pack Vendor :STMicroelectronics X-CUBE-NFC4 2.0.4
2024-01-16 14:39:58,252 [INFO] ThirdParty:1030 - CMSIS Pack Vendor :STMicroelectronics USB_HOST 1.0.0
2024-01-16 14:39:58,252 [INFO] ThirdParty:1030 - CMSIS Pack Vendor :STMicroelectronics X-CUBE-NFC4 2.0.3
2024-01-16 14:39:58,252 [INFO] ThirdParty:1030 - CMSIS Pack Vendor :STMicroelectronics X-CUBE-AZRTOS-G4 2.0.0
2024-01-16 14:39:58,252 [INFO] ThirdParty:1030 - CMSIS Pack Vendor :STMicroelectronics PDM2PCM 3.1.0
2024-01-16 14:39:58,252 [INFO] ThirdParty:1030 - CMSIS Pack Vendor :STMicroelectronics FP-ATR-ASTRA1 1.1.1
2024-01-16 14:39:58,252 [INFO] ThirdParty:1030 - CMSIS Pack Vendor :Infineon AIROC-Wi-Fi-Bluetooth-STM32 1.5.1
2024-01-16 14:39:58,252 [INFO] ThirdParty:1030 - CMSIS Pack Vendor :STMicroelectronics X-CUBE-BLEMGR 3.0.0
2024-01-16 14:39:58,252 [INFO] ThirdParty:1030 - CMSIS Pack Vendor :STMicroelectronics PDM2PCM 3.3.0
2024-01-16 14:39:58,252 [INFO] ThirdParty:1030 - CMSIS Pack Vendor :STMicroelectronics X-CUBE-TOF1 3.1.0
2024-01-16 14:39:58,252 [INFO] ThirdParty:1030 - CMSIS Pack Vendor :STMicroelectronics X-CUBE-SFXS2LP1 3.1.0
2024-01-16 14:39:58,252 [INFO] ThirdParty:1030 - CMSIS Pack Vendor :STMicroelectronics X-CUBE-DISPLAY 3.0.0
2024-01-16 14:39:58,252 [INFO] ThirdParty:1030 - CMSIS Pack Vendor :STMicroelectronics X-CUBE-AZRTOS-F4 1.0.0
2024-01-16 14:39:58,252 [INFO] ThirdParty:1030 - CMSIS Pack Vendor :STMicroelectronics X-CUBE-AZRTOS-H7 2.0.0
2024-01-16 14:39:58,252 [INFO] ThirdParty:1030 - CMSIS Pack Vendor :STMicroelectronics FP-SNS-MOTENVWB1 1.3.1
2024-01-16 14:39:58,252 [INFO] ThirdParty:1030 - CMSIS Pack Vendor :STMicroelectronics X-CUBE-BLE1 7.0.0
2024-01-16 14:39:58,252 [INFO] ThirdParty:1030 - CMSIS Pack Vendor :STMicroelectronics FP-ATR-SIGFOX1 3.2.0
2024-01-16 14:39:58,252 [INFO] ThirdParty:1030 - CMSIS Pack Vendor :STMicroelectronics X-CUBE-AZRTOS-G4 1.0.0
2024-01-16 14:39:58,252 [INFO] ThirdParty:1030 - CMSIS Pack Vendor :STMicroelectronics X-CUBE-AZRTOS-L4 1.0.0
2024-01-16 14:39:58,252 [INFO] ThirdParty:1030 - CMSIS Pack Vendor :STMicroelectronics X-CUBE-ISPU 2.0.0
2024-01-16 14:39:58,252 [INFO] ThirdParty:1030 - CMSIS Pack Vendor :STMicroelectronics X-CUBE-TOF1 2.0.0
2024-01-16 14:39:58,252 [INFO] ThirdParty:1030 - CMSIS Pack Vendor :STMicroelectronics HAL Drivers 0.0.0
2024-01-16 14:39:58,252 [INFO] ThirdParty:1030 - CMSIS Pack Vendor :STMicroelectronics MBEDTLS 2.16.2
2024-01-16 14:39:58,252 [INFO] ThirdParty:1030 - CMSIS Pack Vendor :emotas I-CUBE-CANOPEN 1.3.0
2024-01-16 14:39:58,252 [INFO] ThirdParty:1030 - CMSIS Pack Vendor :STMicroelectronics X-CUBE-TOUCHGFX 4.20.0
2024-01-16 14:39:58,253 [INFO] ThirdParty:1030 - CMSIS Pack Vendor :STMicroelectronics X-CUBE-MEMS1 10.0.0
2024-01-16 14:39:58,253 [INFO] ThirdParty:1030 - CMSIS Pack Vendor :STMicroelectronics X-CUBE-FREERTOS 1.1.0
2024-01-16 14:39:58,253 [INFO] ThirdParty:1030 - CMSIS Pack Vendor :STMicroelectronics X-CUBE-NFC7 1.0.1
2024-01-16 14:39:58,253 [INFO] ThirdParty:1030 - CMSIS Pack Vendor :STMicroelectronics MBEDTLS 2.14.1
2024-01-16 14:39:58,253 [INFO] ThirdParty:1030 - CMSIS Pack Vendor :STMicroelectronics X-CUBE-NFC7 1.0.0
2024-01-16 14:39:58,253 [INFO] ThirdParty:1030 - CMSIS Pack Vendor :STMicroelectronics X-CUBE-AZRTOS-WL 1.0.0
2024-01-16 14:39:58,253 [INFO] ThirdParty:1030 - CMSIS Pack Vendor :STMicroelectronics X-CUBE-SUBG2 4.2.0
2024-01-16 14:39:58,253 [INFO] ThirdParty:1030 - CMSIS Pack Vendor :STMicroelectronics X-CUBE-MEMS1 9.1.0
2024-01-16 14:39:58,253 [INFO] ThirdParty:1030 - CMSIS Pack Vendor :STMicroelectronics X-CUBE-NFC6 3.0.0
2024-01-16 14:39:58,253 [INFO] ThirdParty:1030 - CMSIS Pack Vendor :STMicroelectronics X-CUBE-MEMS1 9.3.0
2024-01-16 14:39:58,253 [INFO] ThirdParty:1030 - CMSIS Pack Vendor :portGmbH I-Cube-SoM-uGOAL 1.1.0
2024-01-16 14:39:58,253 [INFO] ThirdParty:1030 - CMSIS Pack Vendor :STMicroelectronics X-CUBE-ALS 1.0.1
2024-01-16 14:39:58,253 [INFO] ThirdParty:1030 - CMSIS Pack Vendor :STMicroelectronics X-CUBE-AI 7.2.0
2024-01-16 14:39:58,253 [INFO] ThirdParty:1030 - CMSIS Pack Vendor :STMicroelectronics X-CUBE-AI 7.0.0
2024-01-16 14:39:58,253 [INFO] ThirdParty:1030 - CMSIS Pack Vendor :STMicroelectronics ThreadX 1.0.0
2024-01-16 14:39:58,253 [INFO] ThirdParty:1030 - CMSIS Pack Vendor :STMicroelectronics FP-SNS-SMARTAG2 1.2.0
2024-01-16 14:39:58,253 [INFO] ThirdParty:1030 - CMSIS Pack Vendor :STMicroelectronics X-CUBE-AZRTOS-WL 2.0.0
2024-01-16 14:39:58,253 [INFO] ThirdParty:1030 - CMSIS Pack Vendor :STMicroelectronics X-CUBE-ALGOBUILD 1.2.1
2024-01-16 14:39:58,253 [INFO] ThirdParty:1030 - CMSIS Pack Vendor :SEGGER I-CUBE-embOS 1.3.1
2024-01-16 14:39:58,253 [INFO] ThirdParty:1030 - CMSIS Pack Vendor :STMicroelectronics X-CUBE-AZRTOS-L5 1.0.0
2024-01-16 14:39:58,253 [INFO] ThirdParty:1030 - CMSIS Pack Vendor :STMicroelectronics USB_DEVICE 1.0.0
2024-01-16 14:39:58,253 [INFO] ThirdParty:1030 - CMSIS Pack Vendor :STMicroelectronics X-CUBE-AI 8.1.0
2024-01-16 14:39:58,253 [INFO] ThirdParty:1030 - CMSIS Pack Vendor :STMicroelectronics X-CUBE-EEPRMA1 3.1.0
2024-01-16 14:39:58,253 [INFO] ThirdParty:1030 - CMSIS Pack Vendor :STMicroelectronics X-CUBE-EEPRMA1 3.1.1
2024-01-16 14:39:58,253 [INFO] ThirdParty:1030 - CMSIS Pack Vendor :STMicroelectronics X-CUBE-AZRTOS-L4 2.0.0
2024-01-16 14:39:58,253 [INFO] ThirdParty:1030 - CMSIS Pack Vendor :STMicroelectronics X-CUBE-GNSS1 5.2.0
2024-01-16 14:39:58,253 [INFO] ThirdParty:1030 - CMSIS Pack Vendor :STMicroelectronics ThreadX 0.0.2
2024-01-16 14:39:58,254 [INFO] ThirdParty:1030 - CMSIS Pack Vendor :WES I-CUBE-Cesium 1.3.0
2024-01-16 14:39:58,254 [INFO] ThirdParty:1030 - CMSIS Pack Vendor :STMicroelectronics FP-ATR-ASTRA1 2.0.0
2024-01-16 14:39:58,254 [INFO] ThirdParty:1030 - CMSIS Pack Vendor :STMicroelectronics lwIP 2.1.2
2024-01-16 14:39:58,254 [INFO] ThirdParty:1030 - CMSIS Pack Vendor :STMicroelectronics X-CUBE-DISPLAY 2.0.0
2024-01-16 14:39:58,254 [INFO] ThirdParty:1030 - CMSIS Pack Vendor :STMicroelectronics X-CUBE-TOF1 3.4.0
2024-01-16 14:39:58,254 [INFO] ThirdParty:1030 - CMSIS Pack Vendor :STMicroelectronics X-CUBE-DISPLAY 2.2.0
2024-01-16 14:39:58,254 [INFO] ThirdParty:1030 - CMSIS Pack Vendor :STMicroelectronics X-CUBE-AZRTOS-H7 3.2.0
2024-01-16 14:39:58,254 [INFO] ThirdParty:1030 - CMSIS Pack Vendor :STMicroelectronics PDM2PCM 3.2.0
2024-01-16 14:39:58,254 [INFO] ThirdParty:1030 - CMSIS Pack Vendor :STMicroelectronics X-CUBE-TOUCHGFX 4.18.0
2024-01-16 14:39:58,254 [INFO] ThirdParty:1030 - CMSIS Pack Vendor :STMicroelectronics X-CUBE-ISPU 1.0.0
2024-01-16 14:39:58,254 [INFO] ThirdParty:841 - exiting critical section [change project]
2024-01-16 14:39:58,557 [INFO] PinOutPanel:1499 - setPackage(No Configuration,No Configuration)
2024-01-16 14:39:58,558 [INFO] PinOutPanel:1499 - setPackage(STM32F091RCTx,LQFP64)
2024-01-16 14:39:58,905 [INFO] UtilMem:75 - Before build in PCC Used Memory: 828929456 Bytes (1073741824)
2024-01-16 14:39:59,504 [INFO] UtilMem:75 - After build in PCC Used Memory: 918058416 Bytes (1073741824)
2024-01-16 14:39:59,531 [INFO] IPUIPlugin:80 - create IPUIPlugin
2024-01-16 14:39:59,531 [INFO] IPUIPlugin:80 - create IPUIPlugin
2024-01-16 14:39:59,531 [INFO] IPUIPlugin:80 - create IPUIPlugin
2024-01-16 14:39:59,531 [INFO] IPUIPlugin:80 - create IPUIPlugin
2024-01-16 14:39:59,531 [INFO] IPUIPlugin:80 - create IPUIPlugin
2024-01-16 14:39:59,532 [INFO] IPUIPlugin:80 - create IPUIPlugin
2024-01-16 14:39:59,532 [INFO] IPUIPlugin:80 - create IPUIPlugin
2024-01-16 14:39:59,532 [INFO] IPUIPlugin:80 - create IPUIPlugin
2024-01-16 14:39:59,532 [INFO] IPUIPlugin:80 - create IPUIPlugin
2024-01-16 14:39:59,532 [INFO] IPUIPlugin:80 - create IPUIPlugin
2024-01-16 14:39:59,532 [INFO] IPUIPlugin:80 - create IPUIPlugin
2024-01-16 14:39:59,532 [INFO] IPUIPlugin:80 - create IPUIPlugin
2024-01-16 14:39:59,532 [INFO] IPUIPlugin:80 - create IPUIPlugin
2024-01-16 14:39:59,532 [INFO] IPUIPlugin:80 - create IPUIPlugin
2024-01-16 14:39:59,532 [INFO] IPUIPlugin:80 - create IPUIPlugin
2024-01-16 14:39:59,533 [INFO] IPUIPlugin:80 - create IPUIPlugin
2024-01-16 14:39:59,533 [INFO] IPUIPlugin:80 - create IPUIPlugin
2024-01-16 14:39:59,533 [INFO] IPUIPlugin:80 - create IPUIPlugin
2024-01-16 14:39:59,533 [INFO] IPUIPlugin:80 - create IPUIPlugin
2024-01-16 14:39:59,533 [INFO] IPUIPlugin:80 - create IPUIPlugin
2024-01-16 14:39:59,534 [INFO] IPUIPlugin:80 - create IPUIPlugin
2024-01-16 14:39:59,534 [INFO] IPUIPlugin:80 - create IPUIPlugin
2024-01-16 14:39:59,534 [INFO] IPUIPlugin:80 - create IPUIPlugin
2024-01-16 14:39:59,534 [INFO] IPUIPlugin:80 - create IPUIPlugin
2024-01-16 14:39:59,534 [INFO] IPUIPlugin:80 - create IPUIPlugin
2024-01-16 14:39:59,534 [INFO] IPUIPlugin:80 - create IPUIPlugin
2024-01-16 14:39:59,534 [INFO] IPUIPlugin:80 - create IPUIPlugin
2024-01-16 14:39:59,535 [INFO] IPUIPlugin:80 - create IPUIPlugin
2024-01-16 14:39:59,535 [INFO] IPUIPlugin:80 - create IPUIPlugin
2024-01-16 14:39:59,535 [INFO] IPUIPlugin:80 - create IPUIPlugin
2024-01-16 14:39:59,535 [INFO] IPUIPlugin:80 - create IPUIPlugin
2024-01-16 14:39:59,535 [INFO] IPUIPlugin:80 - create IPUIPlugin
2024-01-16 14:39:59,535 [INFO] IPUIPlugin:80 - create IPUIPlugin
2024-01-16 14:39:59,536 [INFO] IPUIPlugin:80 - create IPUIPlugin
2024-01-16 14:39:59,536 [INFO] IPUIPlugin:80 - create IPUIPlugin
2024-01-16 14:39:59,536 [INFO] IPUIPlugin:80 - create IPUIPlugin
2024-01-16 14:39:59,536 [INFO] IPUIPlugin:80 - create IPUIPlugin
2024-01-16 14:39:59,536 [INFO] IPUIPlugin:80 - create IPUIPlugin
2024-01-16 14:39:59,536 [INFO] IPUIPlugin:80 - create IPUIPlugin
2024-01-16 14:39:59,537 [INFO] IPUIPlugin:80 - create IPUIPlugin
2024-01-16 14:39:59,537 [INFO] IPUIPlugin:80 - create IPUIPlugin
2024-01-16 14:39:59,537 [INFO] IPUIPlugin:80 - create IPUIPlugin
2024-01-16 14:39:59,537 [INFO] IPUIPlugin:80 - create IPUIPlugin
2024-01-16 14:39:59,694 [INFO] CADModel:165 - CPN selected for project levelSTM32F091RCT6
2024-01-16 14:39:59,694 [INFO] CADModel:114 - Register for checkConnection events
2024-01-16 14:39:59,739 [INFO] OpenFileManager:343 - Restore cursor
2024-01-16 14:40:00,359 [INFO] UtilMem:75 - End SaveConfig() Used Memory: 658450328 Bytes (1073741824)
2024-01-16 14:40:00,407 [INFO] UtilMem:75 - End SaveConfig() Used Memory: 675551544 Bytes (1073741824)
2024-01-16 14:40:00,737 [INFO] BlockDiagram:2759 - set Specific Code input for plugin: NVIC
2024-01-16 14:40:00,737 [INFO] BlockDiagram:2759 - set Specific Code input for plugin: SYS
2024-01-16 14:40:00,737 [INFO] BlockDiagram:2759 - set Specific Code input for plugin: GPIO
2024-01-16 14:40:00,737 [INFO] BlockDiagram:2759 - set Specific Code input for plugin: RCC
2024-01-16 14:40:00,738 [INFO] CodeGenerator:807 - code generatio: config db path: Z:\STM32CubeIDE_1.14.1\STM32CubeIDE\plugins\com.st.stm32cube.common.mx_6.10.0.202311202037\\db\
2024-01-16 14:40:00,890 [INFO] CodeEngine:255 - oldGeneratedFile, Z:\Purdue\ECE47700\DodgeBot\STM_Code\STM_Code\MXTmpFiles\license.tmp_save
2024-01-16 14:40:01,179 [INFO] CodeEngine:279 - Generated code: Z:\Purdue\ECE47700\DodgeBot\STM_Code\STM_Code\MXTmpFiles\license.tmp
2024-01-16 14:40:01,257 [INFO] CodeEngine:255 - oldGeneratedFile, Z:\Purdue\ECE47700\DodgeBot\STM_Code\STM_Code\MXTmpFiles\gpio.tmp_save
2024-01-16 14:40:01,395 [INFO] CodeEngine:279 - Generated code: Z:\Purdue\ECE47700\DodgeBot\STM_Code\STM_Code\MXTmpFiles\gpio.tmp
2024-01-16 14:40:01,431 [INFO] CodeEngine:255 - oldGeneratedFile, Z:\Purdue\ECE47700\DodgeBot\STM_Code\STM_Code\Core\Src\stm32f0xx_it.c_save
2024-01-16 14:40:01,567 [INFO] CodeEngine:279 - Generated code: Z:\Purdue\ECE47700\DodgeBot\STM_Code\STM_Code\Core\Src\stm32f0xx_it.c
2024-01-16 14:40:01,577 [INFO] CodeEngine:255 - oldGeneratedFile, Z:\Purdue\ECE47700\DodgeBot\STM_Code\STM_Code\Core\Inc\stm32f0xx_it.h_save
2024-01-16 14:40:01,658 [INFO] CodeEngine:279 - Generated code: Z:\Purdue\ECE47700\DodgeBot\STM_Code\STM_Code\Core\Inc\stm32f0xx_it.h
2024-01-16 14:40:01,667 [INFO] CodeEngine:255 - oldGeneratedFile, Z:\Purdue\ECE47700\DodgeBot\STM_Code\STM_Code\Core\Src\stm32f0xx_hal_msp.c_save
2024-01-16 14:40:01,787 [INFO] CodeEngine:279 - Generated code: Z:\Purdue\ECE47700\DodgeBot\STM_Code\STM_Code\Core\Src\stm32f0xx_hal_msp.c
2024-01-16 14:40:01,789 [INFO] CodeEngine:255 - oldGeneratedFile, Z:\Purdue\ECE47700\DodgeBot\STM_Code\STM_Code\MXTmpFiles\system.tmp_save
2024-01-16 14:40:01,860 [INFO] CodeEngine:279 - Generated code: Z:\Purdue\ECE47700\DodgeBot\STM_Code\STM_Code\MXTmpFiles\system.tmp
2024-01-16 14:40:01,867 [INFO] CodeEngine:311 - oldGeneratedFile, Z:\Purdue\ECE47700\DodgeBot\STM_Code\STM_Code\Core\Inc\stm32f0xx_hal_conf.h_save
2024-01-16 14:40:01,968 [INFO] CodeEngine:335 - Generated code: Z:\Purdue\ECE47700\DodgeBot\STM_Code\STM_Code\Core\Inc\stm32f0xx_hal_conf.h
2024-01-16 14:40:02,001 [INFO] CodeEngine:255 - oldGeneratedFile, Z:\Purdue\ECE47700\DodgeBot\STM_Code\STM_Code\Core\Inc\main.h_save
2024-01-16 14:40:02,127 [INFO] CodeEngine:279 - Generated code: Z:\Purdue\ECE47700\DodgeBot\STM_Code\STM_Code\Core\Inc\main.h
2024-01-16 14:40:02,130 [INFO] CodeEngine:255 - oldGeneratedFile, Z:\Purdue\ECE47700\DodgeBot\STM_Code\STM_Code\Core\Src\main.c_save
2024-01-16 14:40:02,263 [INFO] CodeEngine:279 - Generated code: Z:\Purdue\ECE47700\DodgeBot\STM_Code\STM_Code\Core\Src\main.c
2024-01-16 14:40:02,837 [INFO] ProjectBuilder:3076 - Time for Copy HAL[1] : 155mS.
2024-01-16 14:40:02,842 [INFO] ProjectBuilder:4485 - Project Generator version: 4.2.0-B44
2024-01-16 14:40:03,031 [INFO] ConfigFileManager:1495 - The Die is : DIE442
2024-01-16 14:40:03,036 [INFO] ApiDbMcu:508 - Load IP Config File for FATFS
2024-01-16 14:40:03,042 [INFO] ApiDbMcu:508 - Load IP Config File for FREERTOS
2024-01-16 14:40:03,053 [INFO] ApiDbMcu:508 - Load IP Config File for TOUCHSENSING
2024-01-16 14:40:03,704 [INFO] LogOutputStream:77 - [STDOUT_REDIRECT] 
2024-01-16 14:40:05,561 [INFO] ProjectBuilder:4747 - Time for Generating toolchain IDE Files: 2718mS.
2024-01-16 14:40:05,562 [INFO] ProjectBuilder:2947 - Time for Copy CMSIS : 1mS.
2024-01-16 14:40:05,563 [INFO] ProjectBuilder:2947 - Time for Copy CMSIS : 0mS.
2024-01-16 14:40:07,265 [INFO] McuFinderGlobals:76 - Set McuFinderConnectedMode to true
2024-01-16 14:40:07,430 [INFO] ApiDb:448 - Save user favorites file C:\Users\ymtdy/.stm32cubeide/favorites.mcus.txt: 0 item(s)
2024-01-16 14:40:07,431 [INFO] ApiDb:452 - User favorites MCUs=[]
