2024-02-08 12:02:37,857 [INFO] Activator:176 - 


2024-02-08 12:02:37,861 [INFO] Activator:177 - !SESSION log4j initialized
2024-02-08 12:02:40,619 [INFO] LogOutputStream:77 - [STDOUT_REDIRECT] 
2024-02-08 12:02:42,703 [INFO] ApplicationProperties:184 - Using Application install path: C:\ST\STM32CubeIDE_1.14.1\STM32CubeIDE\plugins\com.st.stm32cube.common.mx_6.10.0.202311202037
2024-02-08 12:02:42,737 [INFO] DbMcusXml:78 - Set database path to: C:\ST\STM32CubeIDE_1.14.1\STM32CubeIDE\plugins\com.st.stm32cube.common.mx_6.10.0.202311202037\\db\/mcu/
2024-02-08 12:02:42,738 [INFO] ApiDb:274 - Set plugin database path to: C:\ST\STM32CubeIDE_1.14.1\STM32CubeIDE\plugins\com.st.stm32cube.common.mx_6.10.0.202311202037\\db\/plugins/boardmanager/
2024-02-08 12:02:42,739 [WARN] ApiDb:259 - Overriding images path with different value:  => C:\ST\STM32CubeIDE_1.14.1\STM32CubeIDE\plugins\com.st.stm32cube.common.mx_6.10.0.202311202037\\db\/plugins/mcufinder/images/
2024-02-08 12:02:42,744 [INFO] ApiDb:250 - Set database path to: C:\Users\yusuf\.stmcufinder\plugins\mcufinder//mcu/
2024-02-08 12:02:42,745 [INFO] DbMcusAds:125 - Set database path to: C:\Users\yusuf\.stmcufinder\plugins\mcufinder//mcu/
2024-02-08 12:02:42,748 [INFO] CrossReferenceDbSqlite:203 - Set database path to: C:\Users\yusuf\.stmcufinder\plugins\mcufinder//mcu/cs/
2024-02-08 12:02:42,901 [INFO] RulesReader:64 - Compatibility file has been processed (297 Rules)
2024-02-08 12:02:43,031 [INFO] DbMcusXml:78 - Set database path to: C:\ST\STM32CubeIDE_1.14.1\STM32CubeIDE\plugins\com.st.stm32cube.common.mx_6.10.0.202311202037\\db\/mcu/
2024-02-08 12:02:43,032 [INFO] ApiDb:274 - Set plugin database path to: C:\ST\STM32CubeIDE_1.14.1\STM32CubeIDE\plugins\com.st.stm32cube.common.mx_6.10.0.202311202037\\db\/plugins/boardmanager/
2024-02-08 12:02:43,032 [INFO] ApiDb:261 - Set plugin images path to: C:\ST\STM32CubeIDE_1.14.1\STM32CubeIDE\plugins\com.st.stm32cube.common.mx_6.10.0.202311202037\\db\/plugins/mcufinder/images/
2024-02-08 12:02:43,033 [WARN] DbFile:41 - Overriding database path with different value: C:\Users\yusuf\.stmcufinder\plugins\mcufinder/ => C:\Users\yusuf\.stmcufinder\plugins\mcufinder
2024-02-08 12:02:43,033 [INFO] ApiDb:250 - Set database path to: C:\Users\yusuf\.stmcufinder\plugins\mcufinder//mcu/
2024-02-08 12:02:43,033 [WARN] DbFile:41 - Overriding database path with different value: C:\Users\yusuf\.stmcufinder\plugins\mcufinder/ => C:\Users\yusuf\.stmcufinder\plugins\mcufinder
2024-02-08 12:02:43,033 [INFO] DbMcusAds:125 - Set database path to: C:\Users\yusuf\.stmcufinder\plugins\mcufinder//mcu/
2024-02-08 12:02:43,033 [WARN] DbFile:41 - Overriding database path with different value: C:\Users\yusuf\.stmcufinder\plugins\mcufinder/ => C:\Users\yusuf\.stmcufinder\plugins\mcufinder
2024-02-08 12:02:43,034 [WARN] DbFile:41 - Overriding database path with different value: C:\Users\yusuf\.stmcufinder\plugins\mcufinder/ => C:\Users\yusuf\.stmcufinder\plugins\mcufinder
2024-02-08 12:02:43,034 [INFO] CrossReferenceDbSqlite:203 - Set database path to: C:\Users\yusuf\.stmcufinder\plugins\mcufinder//mcu/cs/
2024-02-08 12:02:43,152 [INFO] MainPanel:264 - HeapMemory: 268435456
2024-02-08 12:02:43,255 [INFO] DbMcusXml:78 - Set database path to: C:\ST\STM32CubeIDE_1.14.1\STM32CubeIDE\plugins\com.st.stm32cube.common.mx_6.10.0.202311202037\\db\/mcu/
2024-02-08 12:02:43,255 [INFO] ApiDb:274 - Set plugin database path to: C:\ST\STM32CubeIDE_1.14.1\STM32CubeIDE\plugins\com.st.stm32cube.common.mx_6.10.0.202311202037\\db\/plugins/boardmanager/
2024-02-08 12:02:43,256 [INFO] ApiDb:261 - Set plugin images path to: C:\ST\STM32CubeIDE_1.14.1\STM32CubeIDE\plugins\com.st.stm32cube.common.mx_6.10.0.202311202037\\db\/plugins/mcufinder/images/
2024-02-08 12:02:43,256 [WARN] DbFile:41 - Overriding database path with different value: C:\Users\yusuf\.stmcufinder\plugins\mcufinder/ => C:\Users\yusuf\.stmcufinder\plugins\mcufinder
2024-02-08 12:02:43,257 [INFO] ApiDb:250 - Set database path to: C:\Users\yusuf\.stmcufinder\plugins\mcufinder//mcu/
2024-02-08 12:02:43,257 [WARN] DbFile:41 - Overriding database path with different value: C:\Users\yusuf\.stmcufinder\plugins\mcufinder/ => C:\Users\yusuf\.stmcufinder\plugins\mcufinder
2024-02-08 12:02:43,257 [INFO] DbMcusAds:125 - Set database path to: C:\Users\yusuf\.stmcufinder\plugins\mcufinder//mcu/
2024-02-08 12:02:43,257 [WARN] DbFile:41 - Overriding database path with different value: C:\Users\yusuf\.stmcufinder\plugins\mcufinder/ => C:\Users\yusuf\.stmcufinder\plugins\mcufinder
2024-02-08 12:02:43,258 [WARN] DbFile:41 - Overriding database path with different value: C:\Users\yusuf\.stmcufinder\plugins\mcufinder/ => C:\Users\yusuf\.stmcufinder\plugins\mcufinder
2024-02-08 12:02:43,258 [INFO] CrossReferenceDbSqlite:203 - Set database path to: C:\Users\yusuf\.stmcufinder\plugins\mcufinder//mcu/cs/
2024-02-08 12:02:43,284 [INFO] ApplicationProperties:184 - Using Application install path: C:\ST\STM32CubeIDE_1.14.1\STM32CubeIDE\plugins\com.st.stm32cube.common.mx_6.10.0.202311202037
2024-02-08 12:02:43,286 [INFO] PluginManage:196 - Search for loadable plugins [exclusion list=, ]
2024-02-08 12:02:43,288 [INFO] PluginManage:310 - Check plugin analytics
2024-02-08 12:02:43,672 [INFO] AnalyticsPlugin:253 - Accepted Software Licenses: 
2024-02-08 12:02:43,674 [INFO] AnalyticsPlugin:255 - Accepted CMSIS Pack Licenses: 
2024-02-08 12:02:43,675 [INFO] AnalyticsPlugin:257 - Accepted Firmware Licenses: 
2024-02-08 12:02:43,685 [INFO] PluginManage:359 - Loaded plugin analytics (category:tool,tabindex:-1)
2024-02-08 12:02:43,685 [INFO] PluginManage:310 - Check plugin cadmodel
2024-02-08 12:02:43,723 [INFO] CADModel:105 - Init CAD model plugin
2024-02-08 12:02:43,724 [INFO] PluginManage:359 - Loaded plugin cadmodel (category:power,tabindex:5)
2024-02-08 12:02:43,725 [INFO] PluginManage:310 - Check plugin clock
2024-02-08 12:02:43,766 [INFO] PluginManage:359 - Loaded plugin clock (category:base,tabindex:2)
2024-02-08 12:02:43,766 [INFO] PluginManage:310 - Check plugin ddr
2024-02-08 12:02:43,773 [INFO] PluginManage:359 - Loaded plugin ddr (category:tool,tabindex:6)
2024-02-08 12:02:43,773 [INFO] PluginManage:310 - Check plugin filemanager
2024-02-08 12:02:43,987 [INFO] PluginManage:359 - Loaded plugin filemanager (category:base,tabindex:10)
2024-02-08 12:02:43,987 [INFO] PluginManage:310 - Check plugin ipmanager
2024-02-08 12:02:43,996 [INFO] PluginManage:359 - Loaded plugin ipmanager (category:base,tabindex:5)
2024-02-08 12:02:43,996 [INFO] PluginManage:310 - Check plugin lpbam
2024-02-08 12:02:44,042 [INFO] PluginManage:359 - Loaded plugin lpbam (category:base,tabindex:0)
2024-02-08 12:02:44,043 [INFO] PluginManage:310 - Check plugin memorymap
2024-02-08 12:02:44,094 [INFO] PluginManage:359 - Loaded plugin memorymap (category:base,tabindex:4)
2024-02-08 12:02:44,095 [INFO] PluginManage:310 - Check plugin pinoutandconfiguration
2024-02-08 12:02:44,108 [INFO] PluginManage:359 - Loaded plugin pinoutandconfiguration (category:base,tabindex:1)
2024-02-08 12:02:44,109 [INFO] PluginManage:310 - Check plugin pinoutconfig
2024-02-08 12:02:44,314 [WARN] SupportedApi:132 - Cannot load RTOS API schema: s4s-elt-must-match.1: The content of 'definitions' must match (annotation?, (simpleType | complexType)?, (unique | key | keyref)*)). A problem was found starting at: attribute.
2024-02-08 12:02:44,474 [INFO] PluginManage:359 - Loaded plugin pinoutconfig (category:base,tabindex:0)
2024-02-08 12:02:44,475 [INFO] PluginManage:310 - Check plugin power
2024-02-08 12:02:44,485 [INFO] PluginManage:359 - Loaded plugin power (category:power,tabindex:4)
2024-02-08 12:02:44,485 [INFO] PluginManage:310 - Check plugin projectmanager
2024-02-08 12:02:44,510 [INFO] PluginManage:359 - Loaded plugin projectmanager (category:projectmanager,tabindex:3)
2024-02-08 12:02:44,510 [INFO] PluginManage:310 - Check plugin thirdparty
2024-02-08 12:02:44,706 [INFO] PluginManage:359 - Loaded plugin thirdparty (category:base,tabindex:-1)
2024-02-08 12:02:44,706 [WARN] IntegrityCheckThread:84 - waiting for thirdparty lock release [integrity check]
2024-02-08 12:02:44,707 [INFO] IntegrityCheckThread:86 - entering critical section [integrity check]
2024-02-08 12:02:44,707 [INFO] PluginManage:310 - Check plugin tools
2024-02-08 12:02:44,707 [INFO] ThirdPartyUpdaterWithRetryManager:70 - Updater plugin not ready yet. [1/15]
2024-02-08 12:02:44,710 [INFO] PluginManage:359 - Loaded plugin tools (category:base,tabindex:7)
2024-02-08 12:02:44,711 [INFO] PluginManage:310 - Check plugin tutovideos
2024-02-08 12:02:44,899 [INFO] PluginManage:359 - Loaded plugin tutovideos (category:base,tabindex:-1)
2024-02-08 12:02:44,899 [INFO] PluginManage:310 - Check plugin updater
2024-02-08 12:02:44,910 [INFO] PluginManage:359 - Loaded plugin updater (category:base,tabindex:12)
2024-02-08 12:02:44,910 [INFO] PluginManage:310 - Check plugin userauth
2024-02-08 12:02:44,918 [INFO] UserAuth:114 - Init User Auth plugin
2024-02-08 12:02:44,919 [INFO] PluginManage:359 - Loaded plugin userauth (category:base,tabindex:14)
2024-02-08 12:02:44,919 [INFO] PluginManage:283 - PluginManage : Loaded plugins [17]
2024-02-08 12:02:45,173 [INFO] PinOutPanel:1499 - setPackage(No Configuration,No Configuration)
2024-02-08 12:02:45,274 [INFO] CADModel:165 - CPN selected for project level
2024-02-08 12:02:45,274 [INFO] CADModel:114 - Register for checkConnection events
2024-02-08 12:02:45,321 [INFO] IPUIPlugin:80 - create IPUIPlugin
2024-02-08 12:02:45,321 [INFO] PluginManager:220 - loadIPPluginJar : add adc
2024-02-08 12:02:45,324 [INFO] IPUIPlugin:80 - create IPUIPlugin
2024-02-08 12:02:45,324 [INFO] PluginManager:220 - loadIPPluginJar : add aes
2024-02-08 12:02:45,326 [INFO] IPUIPlugin:80 - create IPUIPlugin
2024-02-08 12:02:45,327 [INFO] PluginManager:220 - loadIPPluginJar : add can
2024-02-08 12:02:45,329 [INFO] IPUIPlugin:80 - create IPUIPlugin
2024-02-08 12:02:45,329 [INFO] PluginManager:220 - loadIPPluginJar : add comp
2024-02-08 12:02:45,333 [INFO] IPUIPlugin:80 - create IPUIPlugin
2024-02-08 12:02:45,333 [INFO] PluginManager:220 - loadIPPluginJar : add cryp
2024-02-08 12:02:45,336 [INFO] IPUIPlugin:80 - create IPUIPlugin
2024-02-08 12:02:45,336 [INFO] PluginManager:220 - loadIPPluginJar : add dfsdm
2024-02-08 12:02:45,341 [INFO] IPUIPlugin:80 - create IPUIPlugin
2024-02-08 12:02:45,341 [INFO] PluginManager:220 - loadIPPluginJar : add dma
2024-02-08 12:02:45,343 [INFO] IPUIPlugin:80 - create IPUIPlugin
2024-02-08 12:02:45,343 [INFO] PluginManager:220 - loadIPPluginJar : add dma3
2024-02-08 12:02:45,345 [INFO] IPUIPlugin:80 - create IPUIPlugin
2024-02-08 12:02:45,345 [INFO] PluginManager:220 - loadIPPluginJar : add fatfs
2024-02-08 12:02:45,350 [INFO] IPUIPlugin:80 - create IPUIPlugin
2024-02-08 12:02:45,350 [INFO] PluginManager:220 - loadIPPluginJar : add fmc
2024-02-08 12:02:45,357 [INFO] IPUIPlugin:80 - create IPUIPlugin
2024-02-08 12:02:45,357 [INFO] PluginManager:220 - loadIPPluginJar : add freertos
2024-02-08 12:02:45,358 [INFO] IPUIPlugin:80 - create IPUIPlugin
2024-02-08 12:02:45,358 [INFO] PluginManager:220 - loadIPPluginJar : add genericplugin
2024-02-08 12:02:45,360 [INFO] IPUIPlugin:80 - create IPUIPlugin
2024-02-08 12:02:45,361 [INFO] PluginManager:220 - loadIPPluginJar : add gfxmmu
2024-02-08 12:02:45,370 [INFO] IPUIPlugin:80 - create IPUIPlugin
2024-02-08 12:02:45,370 [INFO] PluginManager:220 - loadIPPluginJar : add gic
2024-02-08 12:02:45,376 [INFO] IPUIPlugin:80 - create IPUIPlugin
2024-02-08 12:02:45,376 [INFO] PluginManager:220 - loadIPPluginJar : add gpio
2024-02-08 12:02:45,380 [INFO] IPUIPlugin:80 - create IPUIPlugin
2024-02-08 12:02:45,380 [INFO] PluginManager:220 - loadIPPluginJar : add gtzc
2024-02-08 12:02:45,384 [INFO] IPUIPlugin:80 - create IPUIPlugin
2024-02-08 12:02:45,384 [INFO] PluginManager:220 - loadIPPluginJar : add hash
2024-02-08 12:02:45,387 [INFO] IPUIPlugin:80 - create IPUIPlugin
2024-02-08 12:02:45,387 [INFO] PluginManager:220 - loadIPPluginJar : add i2c
2024-02-08 12:02:45,389 [INFO] IPUIPlugin:80 - create IPUIPlugin
2024-02-08 12:02:45,389 [INFO] PluginManager:220 - loadIPPluginJar : add i2s
2024-02-08 12:02:45,391 [INFO] IPUIPlugin:80 - create IPUIPlugin
2024-02-08 12:02:45,391 [INFO] PluginManager:220 - loadIPPluginJar : add i3c
2024-02-08 12:02:45,400 [INFO] IPUIPlugin:80 - create IPUIPlugin
2024-02-08 12:02:45,400 [INFO] PluginManager:220 - loadIPPluginJar : add ipddr
2024-02-08 12:02:45,407 [INFO] IPUIPlugin:80 - create IPUIPlugin
2024-02-08 12:02:45,407 [INFO] PluginManager:220 - loadIPPluginJar : add linkedlist
2024-02-08 12:02:45,411 [INFO] IPUIPlugin:80 - create IPUIPlugin
2024-02-08 12:02:45,412 [INFO] PluginManager:220 - loadIPPluginJar : add lorawan
2024-02-08 12:02:45,414 [INFO] IPUIPlugin:80 - create IPUIPlugin
2024-02-08 12:02:45,414 [INFO] PluginManager:220 - loadIPPluginJar : add ltdc
2024-02-08 12:02:45,422 [INFO] IPUIPlugin:80 - create IPUIPlugin
2024-02-08 12:02:45,423 [INFO] PluginManager:220 - loadIPPluginJar : add mdma
2024-02-08 12:02:45,428 [INFO] IPUIPlugin:80 - create IPUIPlugin
2024-02-08 12:02:45,429 [INFO] PluginManager:220 - loadIPPluginJar : add nvic
2024-02-08 12:02:45,436 [INFO] IPUIPlugin:80 - create IPUIPlugin
2024-02-08 12:02:45,436 [INFO] PluginManager:220 - loadIPPluginJar : add opamp
2024-02-08 12:02:45,440 [INFO] IPUIPlugin:80 - create IPUIPlugin
2024-02-08 12:02:45,440 [INFO] PluginManager:220 - loadIPPluginJar : add openamp
2024-02-08 12:02:45,443 [INFO] IPUIPlugin:80 - create IPUIPlugin
2024-02-08 12:02:45,444 [INFO] PluginManager:220 - loadIPPluginJar : add pdm2pcm
2024-02-08 12:02:45,450 [INFO] IPUIPlugin:80 - create IPUIPlugin
2024-02-08 12:02:45,453 [INFO] PluginManager:220 - loadIPPluginJar : add plateformsettings
2024-02-08 12:02:45,455 [INFO] IPUIPlugin:80 - create IPUIPlugin
2024-02-08 12:02:45,455 [INFO] PluginManager:220 - loadIPPluginJar : add quadspi
2024-02-08 12:02:45,458 [INFO] IPUIPlugin:80 - create IPUIPlugin
2024-02-08 12:02:45,458 [INFO] PluginManager:220 - loadIPPluginJar : add resmgrutility
2024-02-08 12:02:45,461 [INFO] IPUIPlugin:80 - create IPUIPlugin
2024-02-08 12:02:45,462 [INFO] PluginManager:220 - loadIPPluginJar : add sai
2024-02-08 12:02:45,464 [INFO] IPUIPlugin:80 - create IPUIPlugin
2024-02-08 12:02:45,464 [INFO] PluginManager:220 - loadIPPluginJar : add spi
2024-02-08 12:02:45,470 [INFO] IPUIPlugin:80 - create IPUIPlugin
2024-02-08 12:02:45,471 [INFO] PluginManager:220 - loadIPPluginJar : add stm32_wpan
2024-02-08 12:02:45,472 [INFO] IPUIPlugin:80 - create IPUIPlugin
2024-02-08 12:02:45,472 [INFO] PluginManager:220 - loadIPPluginJar : add tim
2024-02-08 12:02:45,477 [INFO] IPUIPlugin:80 - create IPUIPlugin
2024-02-08 12:02:45,477 [INFO] PluginManager:220 - loadIPPluginJar : add touchsensing
2024-02-08 12:02:45,480 [INFO] IPUIPlugin:80 - create IPUIPlugin
2024-02-08 12:02:45,480 [INFO] PluginManager:220 - loadIPPluginJar : add tracer_emb
2024-02-08 12:02:45,484 [INFO] IPUIPlugin:80 - create IPUIPlugin
2024-02-08 12:02:45,484 [INFO] PluginManager:220 - loadIPPluginJar : add ts
2024-02-08 12:02:45,486 [INFO] IPUIPlugin:80 - create IPUIPlugin
2024-02-08 12:02:45,486 [INFO] PluginManager:220 - loadIPPluginJar : add tsc
2024-02-08 12:02:45,488 [INFO] IPUIPlugin:80 - create IPUIPlugin
2024-02-08 12:02:45,488 [INFO] PluginManager:220 - loadIPPluginJar : add ucpd
2024-02-08 12:02:45,491 [INFO] IPUIPlugin:80 - create IPUIPlugin
2024-02-08 12:02:45,491 [INFO] PluginManager:220 - loadIPPluginJar : add usart
2024-02-08 12:02:45,494 [INFO] IPUIPlugin:80 - create IPUIPlugin
2024-02-08 12:02:45,495 [INFO] PluginManager:220 - loadIPPluginJar : add usbx
2024-02-08 12:02:45,630 [INFO] CADModel:165 - CPN selected for project level
2024-02-08 12:02:45,631 [INFO] CADModel:114 - Register for checkConnection events
2024-02-08 12:02:45,632 [FATAL] Updater:308 - Updater called before beeing initialized
2024-02-08 12:02:45,632 [ERROR] CADModel:125 - Updater not yet initialized, retry later 
2024-02-08 12:02:45,842 [INFO] CADModel:165 - CPN selected for project level
2024-02-08 12:02:45,842 [INFO] CADModel:114 - Register for checkConnection events
2024-02-08 12:02:45,842 [FATAL] Updater:308 - Updater called before beeing initialized
2024-02-08 12:02:45,842 [ERROR] CADModel:125 - Updater not yet initialized, retry later 
2024-02-08 12:02:45,847 [FATAL] Updater:308 - Updater called before beeing initialized
2024-02-08 12:02:46,003 [FATAL] Updater:308 - Updater called before beeing initialized
2024-02-08 12:02:46,009 [INFO] DbMcusAds:53 - JSON generation date=Wed Nov 29 05:52:27 EST 2023 (1701255147200)
2024-02-08 12:02:46,009 [FATAL] Updater:308 - Updater called before beeing initialized
2024-02-08 12:02:46,073 [WARN] DetailPanel:346 - Failed to get advertising image, set to default
2024-02-08 12:02:46,228 [FATAL] Updater:308 - Updater called before beeing initialized
2024-02-08 12:02:46,231 [FATAL] Updater:308 - Updater called before beeing initialized
2024-02-08 12:02:46,232 [FATAL] Updater:308 - Updater called before beeing initialized
2024-02-08 12:02:46,232 [WARN] DetailPanel:346 - Failed to get advertising image, set to default
2024-02-08 12:02:46,233 [FATAL] Updater:308 - Updater called before beeing initialized
2024-02-08 12:02:46,312 [ERROR] Updater:1120 - MainUpdater not yet initialized. External WinMGr cannot be set.
2024-02-08 12:02:46,315 [INFO] Updater:1056 - Updater Version found : 6.10.0
2024-02-08 12:02:46,346 [INFO] ApplicationProperties:184 - Using Application install path: C:\ST\STM32CubeIDE_1.14.1\STM32CubeIDE\plugins\com.st.stm32cube.common.mx_6.10.0.202311202037
2024-02-08 12:02:47,711 [INFO] ThirdPartyUpdaterWithRetryManager:70 - Updater plugin not ready yet. [2/15]
2024-02-08 12:02:47,928 [ERROR] LogOutputStream:75 - [STDERR_REDIRECT] Feb 08, 2024 12:02:47 PM java.util.prefs.WindowsPreferences <init>
2024-02-08 12:02:47,967 [ERROR] LogOutputStream:75 - [STDERR_REDIRECT] WARNING: Could not open/create prefs root node Software\JavaSoft\Prefs at root 0xffffffff80000002. Windows RegCreateKeyEx(...) returned error code 5.
2024-02-08 12:02:47,967 [ERROR] LogOutputStream:75 - [STDERR_REDIRECT] 
2024-02-08 12:02:48,601 [INFO] MainUpdater:2873 - connection check result : 10
2024-02-08 12:02:48,602 [INFO] MainUpdater:290 - Updater Check For Update Now.
2024-02-08 12:02:48,603 [INFO] MicroXplorer:498 - Change Database Version : DB.6.0.100
2024-02-08 12:02:48,614 [INFO] McuFinderGlobals:63 - Set McuFinder mode to 2 (CubeIDE integrated)
2024-02-08 12:02:48,614 [INFO] UserAuth:180 - activating auth plugin
2024-02-08 12:02:48,619 [INFO] UserAuth:404 - Internet connection configuration mode: 1
2024-02-08 12:02:48,676 [INFO] JxBrowserEngine:152 - Initiate JxBrowser Engine with user profile folder
2024-02-08 12:02:48,926 [INFO] CheckServerUpdateThread:120 - End of CheckServer Thread
2024-02-08 12:02:49,291 [INFO] McuFinderGlobals:63 - Set McuFinder mode to 2 (CubeIDE integrated)
2024-02-08 12:02:49,295 [INFO] MainUpdater:2873 - connection check result : 10
2024-02-08 12:02:49,688 [INFO] WebApp:161 - Instantiating new browser for Auth
2024-02-08 12:02:49,858 [INFO] ApiDb:581 - Connected to CubeFinder SQLite database (C:\Users\yusuf\.stmcufinder\plugins\mcufinder\mcu\cube-finder-db.db)
2024-02-08 12:02:49,945 [INFO] ApiDb:668 - CubeFinder database Data Model version=2.1
2024-02-08 12:02:49,945 [INFO] ApiDb:669 - CubeFinder database Configuration version=3.0.39
2024-02-08 12:02:49,945 [INFO] ApiDb:670 - CubeFinder database generation date=2024-01-11 (1704964531)
2024-02-08 12:02:49,945 [INFO] ApiDb:671 - CubeFinder database FW Pack versions=[FP-ATR-ASTRA1_V2.0.0, FP-SNS-FLIGHT1_V5.0.1, FP-SNS-FLIGHT1_V5.0.2, FP-SNS-MOTENV1_V4.3.1, FP-SNS-MOTENV1_V4.3.2, FP-SNS-MOTENVWB1_V1.3.1, FP-SNS-SMARTAG2_V1.2.0, STM32Cube_FW_C0_V1.1.0, STM32Cube_FW_F4_V1.28.0, STM32Cube_FW_F7_V1.17.0, STM32Cube_FW_G0_V1.6.2, STM32Cube_FW_G4_V1.5.2, STM32Cube_FW_H5_V0.5.1, STM32Cube_FW_H5_V1.1.1, STM32Cube_FW_H5_V1.2.0RC2, STM32Cube_FW_H7_V1.11.0, STM32Cube_FW_L0_V1.12.2, STM32Cube_FW_L5_V1.5.0, STM32Cube_FW_U5_V1.3.0RC4, STM32Cube_FW_U5_V1.4.0, STM32Cube_FW_WBA_V1.0.0RC1, STM32Cube_FW_WBA_V1.1.0RC1, STM32Cube_FW_WBA_V1.2.0, STM32Cube_FW_WBA_V1.2.0RC2, STM32Cube_FW_WB_V1.15.0RC1, STM32Cube_FW_WB_V1.16.0, STM32Cube_FW_WB_V1.16.0RC2, STM32Cube_FW_WB_V1.18.0, STM32Cube_FW_WL_V1.3.0, X-CUBE-ALGOBUILD_V1.3.0, X-CUBE-ALS_V1.0.1, X-CUBE-AZRTOS-F4_V1.1.0, X-CUBE-AZRTOS-F7_V1.1.0, X-CUBE-AZRTOS-G0_V1.1.0, X-CUBE-AZRTOS-G4_V2.0.0, X-CUBE-AZRTOS-H7_V3.2.0, X-CUBE-AZRTOS-L4_V1.0.0, X-CUBE-AZRTOS-L4_V2.0.0, X-CUBE-AZRTOS-L5_V1.1.0, X-CUBE-AZRTOS-WB_V2.0.0, X-CUBE-AZRTOS-WL_V2.0.0, X-CUBE-BLE1_V7.0.0, X-CUBE-BLE2_V3.3.0, X-CUBE-BLEMGR_V3.0.0, X-CUBE-EEPRMA1_V4.1.0, X-CUBE-EEPRMA1_V4.2.0, X-CUBE-FREERTOS_V1.1.0, X-CUBE-GNSS1_V6.0.0, X-CUBE-MEMS1_V10.0.0, X-CUBE-MEMS1_V9.1.0, X-CUBE-MEMS1_V9.4.0, X-CUBE-MEMS1_V9.6.0, X-CUBE-NFC4_V3.0.0, X-CUBE-NFC7_V1.0.1, X-CUBE-SFXS2LP1_V4.0.0, X-CUBE-SUBG2_V5.0.0, X-CUBE-TOF1_V3.4.0]
2024-02-08 12:02:50,046 [INFO] DbBoardsSqlite:226 - include board P-NUCLEO-WB55-NUCLEO as a kit item of type 'Nucleo-64'
2024-02-08 12:02:50,046 [INFO] DbBoardsSqlite:226 - include board P-NUCLEO-WB55-USBDONGLE as a kit item of type 'Nucleo USB Dongle'
2024-02-08 12:02:50,047 [INFO] DbBoardsSqlite:226 - include board STEVAL-IDP005V1 as a kit item of type 'Evaluation Board'
2024-02-08 12:02:50,047 [INFO] DbBoardsSqlite:226 - include board STEVAL-IDP005V2 as a kit item of type 'Evaluation Board'
2024-02-08 12:02:50,114 [INFO] ApiDb:240 - Found 371 in-development CPN: [B-G473E-ZEST1S, B-WB1M-WPAN1, B-WL5M-SUBG1, NUCLEO-C031C6, NUCLEO-H503RB, NUCLEO-H563ZI, NUCLEO-U545RE-Q, NUCLEO-U5A5ZJ-Q, NUCLEO-WBA52CG, NUCLEO-WBA55CG, STEVAL-MKBOXPRO, STEVAL-PROTEUS1, STEVAL-STWINBX1, STM320518-EVAL, STM32C0116-DK, STM32C011D6Y3TR, STM32C011D6Y6TR, STM32C011F4P3, STM32C011F4P6, STM32C011F4U3, STM32C011F4U6TR, STM32C011F6P3, STM32C011F6P6, STM32C011F6U3, STM32C011F6U6TR, STM32C011J4M3, STM32C011J4M6, STM32C011J6M3, STM32C011J6M6, STM32C0316-DK, STM32C031C4T3, STM32C031C4T6, STM32C031C4U3, STM32C031C4U6, STM32C031C6T3, STM32C031C6T6, STM32C031C6U3, STM32C031C6U6, STM32C031F4P3, STM32C031F4P6, STM32C031F6P3, STM32C031F6P6, STM32C031G4U3, STM32C031G4U6, STM32C031G6U3, STM32C031G6U6, STM32C031K4T3, STM32C031K4T6, STM32C031K4U3, STM32C031K4U6, STM32C031K6T3, STM32C031K6T6, STM32C031K6U3, STM32C031K6U6, STM32G071K8TXN, STM32G071K8UXN, STM32G081GBU6N, STM32G081KBT6N, STM32G081KBUXN, STM32G0B1CCT6N, STM32G0B1KCT6, STM32G0B1NEY6TR, STM32G0B1RCT6N, STM32G0C1CCT6, STM32G0C1CCT6N, STM32G0C1CCU6N, STM32G0C1CET6N, STM32G0C1CEU6N, STM32G0C1KCT6, STM32G0C1NEY6TR, STM32G0C1RCI6N, STM32G0C1RCT6N, STM32G0C1REI6N, STM32G0C1RET6N, STM32G0C1VCI6, STM32G0C1VEI6, STM32G471CCT6, STM32G471CCU6, STM32G471CET3, STM32G471CET6, STM32G471CEU3, STM32G471CEU6, STM32G471MCT6, STM32G471MET3, STM32G471MET6, STM32G471MEY6TR, STM32G471QCT6, STM32G471QET3, STM32G471RCT6, STM32G471RET3, STM32G471RET6, STM32G471VCH6, STM32G471VCI6, STM32G471VCT6, STM32G471VEH3, STM32G471VEH6, STM32G471VEI3, STM32G471VEI6, STM32G471VET3, STM32G471VET6, STM32G474CCT6, STM32H503CBT6, STM32H503CBU6, STM32H503EBY6TR, STM32H503KBU6, STM32H503RBT6, STM32H562AGI6, STM32H562AII6, STM32H562IGK6, STM32H562IGT6, STM32H562IIK6, STM32H562IIT6, STM32H562RGT6, STM32H562RGV6, STM32H562RIT6, STM32H562RIV6, STM32H562VGT6, STM32H562VIT6, STM32H562ZGT6, STM32H562ZIT6, STM32H563AGI6, STM32H563AII3Q, STM32H563AII6, STM32H563IGK6, STM32H563IGT6, STM32H563IIK3Q, STM32H563IIK6, STM32H563IIT3Q, STM32H563IIT6, STM32H563MIY3QTR, STM32H563RGT6, STM32H563RGV6, STM32H563RIT6, STM32H563RIV6, STM32H563VGT6, STM32H563VIT3Q, STM32H563VIT6, STM32H563ZGT6, STM32H563ZIT3Q, STM32H563ZIT6, STM32H573AII3Q, STM32H573AII6, STM32H573I-DK, STM32H573IIK3Q, STM32H573IIK6, STM32H573IIT3Q, STM32H573IIT6, STM32H573MIY3QTR, STM32H573RIT6, STM32H573RIV6, STM32H573VIT3Q, STM32H573VIT6, STM32H573ZIT3Q, STM32H573ZIT6, STM32L4R5QGI6STR, STM32MP131AAE3, STM32MP131AAF3, STM32MP131AAG3, STM32MP131CAE3, STM32MP131CAF3, STM32MP131CAG3, STM32MP131DAE7, STM32MP131DAF7, STM32MP131DAG7, STM32MP131FAE7, STM32MP131FAF7, STM32MP131FAG7, STM32MP133AAE3, STM32MP133AAF3, STM32MP133AAG3, STM32MP133CAE3, STM32MP133CAF3, STM32MP133CAG3, STM32MP133DAE7, STM32MP133DAF7, STM32MP133DAG7, STM32MP133FAE7, STM32MP133FAF7, STM32MP133FAG7, STM32MP135AAE3, STM32MP135AAF3, STM32MP135AAG3, STM32MP135CAE3, STM32MP135CAF3, STM32MP135CAG3, STM32MP135DAE7, STM32MP135DAF7, STM32MP135DAG7, STM32MP135F-DK, STM32MP135FAE7, STM32MP135FAF7, STM32MP135FAF7T, STM32MP135FAF7U, STM32MP135FAG7, STM32U535CBT6, STM32U535CBT6Q, STM32U535CBU6, STM32U535CBU6Q, STM32U535CCT6, STM32U535CCT6Q, STM32U535CCU6, STM32U535CCU6Q, STM32U535CET6, STM32U535CET6Q, STM32U535CEU6, STM32U535CEU6Q, STM32U535JEY6QTR, STM32U535NCY6QTR, STM32U535NEY6QTR, STM32U535RBI6, STM32U535RBI6Q, STM32U535RBT6, STM32U535RBT6Q, STM32U535RCI6, STM32U535RCI6Q, STM32U535RCT6, STM32U535RCT6Q, STM32U535REI6, STM32U535REI6Q, STM32U535RET6, STM32U535RET6Q, STM32U535VCI6, STM32U535VCI6Q, STM32U535VCT6, STM32U535VCT6Q, STM32U535VEI6, STM32U535VEI6Q, STM32U535VET6, STM32U535VET6Q, STM32U545CET6, STM32U545CET6Q, STM32U545CEU6, STM32U545CEU6Q, STM32U545JEY6QTR, STM32U545NEY6QTR, STM32U545REI6, STM32U545REI6Q, STM32U545RET6, STM32U545RET6Q, STM32U545VEI6, STM32U545VEI6Q, STM32U545VET6, STM32U545VET6Q, STM32U595AIH6, STM32U595AIH6Q, STM32U595AJH6, STM32U595AJH6Q, STM32U595QII6, STM32U595QII6Q, STM32U595QJI6, STM32U595QJI6Q, STM32U595RIT6, STM32U595RIT6Q, STM32U595RJT6, STM32U595RJT6Q, STM32U595VIT6, STM32U595VIT6Q, STM32U595VJT6, STM32U595VJT6Q, STM32U595ZIT6, STM32U595ZIT6Q, STM32U595ZIY6QTR, STM32U595ZJT6, STM32U595ZJT6Q, STM32U595ZJY6QTR, STM32U599BJY6QTR, STM32U599NIH6Q, STM32U599NJH6Q, STM32U599VIT6Q, STM32U599VJT6, STM32U599VJT6Q, STM32U599ZIT6Q, STM32U599ZIY6QTR, STM32U599ZJT6Q, STM32U599ZJY6QTR, STM32U5A5AJH6, STM32U5A5AJH6Q, STM32U5A5QJI6, STM32U5A5QJI6Q, STM32U5A5RJT6, STM32U5A5RJT6Q, STM32U5A5VJT6, STM32U5A5VJT6Q, STM32U5A5ZJT6, STM32U5A5ZJT6Q, STM32U5A5ZJY6QTR, STM32U5A9BJY6QTR, STM32U5A9J-DK, STM32U5A9NJH6Q, STM32U5A9VJT6Q, STM32U5A9ZJT6Q, STM32U5A9ZJY6QTR, STM32U5F7VIT6, STM32U5F7VIT6Q, STM32U5F7VJT6, STM32U5F7VJT6Q, STM32U5F9BJY6QTR, STM32U5F9NJH6Q, STM32U5F9VIT6Q, STM32U5F9VJT6Q, STM32U5F9ZIJ6QTR, STM32U5F9ZIT6Q, STM32U5F9ZJJ6QTR, STM32U5F9ZJT6Q, STM32U5G7VJT6, STM32U5G7VJT6Q, STM32U5G9BJY6QTR, STM32U5G9J-DK1, STM32U5G9J-DK2, STM32U5G9NJH6Q, STM32U5G9VJT6Q, STM32U5G9ZJJ6QTR, STM32U5G9ZJT6Q, STM32WB1MMCH6, STM32WBA50KEU6, STM32WBA50KEU6TR, STM32WBA50KGU6, STM32WBA50KGU6TR, STM32WBA52CEU6, STM32WBA52CEU6TR, STM32WBA52CEU7, STM32WBA52CEU7TR, STM32WBA52CGU6, STM32WBA52CGU6TR, STM32WBA52CGU6U, STM32WBA52CGU7, STM32WBA52CGU7TR, STM32WBA52KEU6, STM32WBA52KEU6TR, STM32WBA52KGU6, STM32WBA52KGU6TR, STM32WBA54CEU6, STM32WBA54CEU6TR, STM32WBA54CEU7, STM32WBA54CEU7TR, STM32WBA54CGU6, STM32WBA54CGU6TR, STM32WBA54CGU7, STM32WBA54CGU7TR, STM32WBA54KEU6, STM32WBA54KEU6TR, STM32WBA54KEU7, STM32WBA54KEU7TR, STM32WBA54KGU6, STM32WBA54KGU6TR, STM32WBA54KGU7, STM32WBA54KGU7TR, STM32WBA55CEU6, STM32WBA55CEU6TR, STM32WBA55CEU7, STM32WBA55CEU7TR, STM32WBA55CGU6, STM32WBA55CGU6TR, STM32WBA55CGU6U, STM32WBA55CGU7, STM32WBA55CGU7TR, STM32WBA55G-DK1, STM32WBA55HEF6, STM32WBA55HEF7, STM32WBA55HGF6, STM32WBA55HGF7, STM32WBA55UEI6, STM32WBA55UEI6TR, STM32WBA55UEI7, STM32WBA55UEI7TR, STM32WBA55UGI6, STM32WBA55UGI6TR, STM32WBA55UGI7, STM32WBA55UGI7TR, STM32WL5MOCH6, STM32WL5MOCH6TR]
2024-02-08 12:02:50,442 [INFO] BoardInfo:889 - No configuration file found for board P-NUCLEO-WB55
2024-02-08 12:02:50,443 [INFO] DbBoards:161 - Kit is not supported: P-NUCLEO-WB55
2024-02-08 12:02:50,454 [INFO] BoardInfo:889 - No configuration file found for board STEVAL-BFA001V1B
2024-02-08 12:02:50,454 [INFO] DbBoards:161 - Kit is not supported: STEVAL-BFA001V1B
2024-02-08 12:02:50,456 [INFO] BoardInfo:889 - No configuration file found for board STEVAL-BFA001V2B
2024-02-08 12:02:50,456 [INFO] DbBoards:161 - Kit is not supported: STEVAL-BFA001V2B
2024-02-08 12:02:50,662 [INFO] WebApp:780 - Register for checkConnection events
2024-02-08 12:02:50,663 [INFO] WebApp:414 - Apply proxy settings
2024-02-08 12:02:50,663 [INFO] WebApp:499 - Chromium requires no authentication
2024-02-08 12:02:50,675 [INFO] WebApp:442 - Direct internet connection detected
2024-02-08 12:02:50,694 [INFO] DbBoards:168 - Found 193 boards, 190 are supported
2024-02-08 12:02:50,695 [INFO] DbBoards:169 - Found 193 boards, 3 of them is supported for  Bsp
2024-02-08 12:02:50,701 [INFO] ApiDb:668 - CubeFinder database Data Model version=2.1
2024-02-08 12:02:50,701 [INFO] ApiDb:669 - CubeFinder database Configuration version=3.0.39
2024-02-08 12:02:50,701 [INFO] ApiDb:670 - CubeFinder database generation date=2024-01-11 (1704964531)
2024-02-08 12:02:50,701 [INFO] ApiDb:671 - CubeFinder database FW Pack versions=[FP-ATR-ASTRA1_V2.0.0, FP-SNS-FLIGHT1_V5.0.1, FP-SNS-FLIGHT1_V5.0.2, FP-SNS-MOTENV1_V4.3.1, FP-SNS-MOTENV1_V4.3.2, FP-SNS-MOTENVWB1_V1.3.1, FP-SNS-SMARTAG2_V1.2.0, STM32Cube_FW_C0_V1.1.0, STM32Cube_FW_F4_V1.28.0, STM32Cube_FW_F7_V1.17.0, STM32Cube_FW_G0_V1.6.2, STM32Cube_FW_G4_V1.5.2, STM32Cube_FW_H5_V0.5.1, STM32Cube_FW_H5_V1.1.1, STM32Cube_FW_H5_V1.2.0RC2, STM32Cube_FW_H7_V1.11.0, STM32Cube_FW_L0_V1.12.2, STM32Cube_FW_L5_V1.5.0, STM32Cube_FW_U5_V1.3.0RC4, STM32Cube_FW_U5_V1.4.0, STM32Cube_FW_WBA_V1.0.0RC1, STM32Cube_FW_WBA_V1.1.0RC1, STM32Cube_FW_WBA_V1.2.0, STM32Cube_FW_WBA_V1.2.0RC2, STM32Cube_FW_WB_V1.15.0RC1, STM32Cube_FW_WB_V1.16.0, STM32Cube_FW_WB_V1.16.0RC2, STM32Cube_FW_WB_V1.18.0, STM32Cube_FW_WL_V1.3.0, X-CUBE-ALGOBUILD_V1.3.0, X-CUBE-ALS_V1.0.1, X-CUBE-AZRTOS-F4_V1.1.0, X-CUBE-AZRTOS-F7_V1.1.0, X-CUBE-AZRTOS-G0_V1.1.0, X-CUBE-AZRTOS-G4_V2.0.0, X-CUBE-AZRTOS-H7_V3.2.0, X-CUBE-AZRTOS-L4_V1.0.0, X-CUBE-AZRTOS-L4_V2.0.0, X-CUBE-AZRTOS-L5_V1.1.0, X-CUBE-AZRTOS-WB_V2.0.0, X-CUBE-AZRTOS-WL_V2.0.0, X-CUBE-BLE1_V7.0.0, X-CUBE-BLE2_V3.3.0, X-CUBE-BLEMGR_V3.0.0, X-CUBE-EEPRMA1_V4.1.0, X-CUBE-EEPRMA1_V4.2.0, X-CUBE-FREERTOS_V1.1.0, X-CUBE-GNSS1_V6.0.0, X-CUBE-MEMS1_V10.0.0, X-CUBE-MEMS1_V9.1.0, X-CUBE-MEMS1_V9.4.0, X-CUBE-MEMS1_V9.6.0, X-CUBE-NFC4_V3.0.0, X-CUBE-NFC7_V1.0.1, X-CUBE-SFXS2LP1_V4.0.0, X-CUBE-SUBG2_V5.0.0, X-CUBE-TOF1_V3.4.0]
2024-02-08 12:02:51,024 [WARN] PackLoader:240 - Cannot read IP mode file for STMicroelectronics.X-CUBE-SMBUS.2.1.0
2024-02-08 12:02:51,037 [WARN] PackLoader:240 - Cannot read IP mode file for STMicroelectronics.X-CUBE-TOUCHGFX.4.23.0
2024-02-08 12:02:51,102 [WARN] PackLoader:240 - Cannot read IP mode file for STMicroelectronics.X-CUBE-AZRTOS-F7.1.1.0
2024-02-08 12:02:51,123 [WARN] PackLoader:240 - Cannot read IP mode file for STMicroelectronics.FP-SNS-MOTENV1.4.3.2
2024-02-08 12:02:51,149 [WARN] PackLoader:240 - Cannot read IP mode file for STMicroelectronics.FP-SNS-FLIGHT1.5.0.2
2024-02-08 12:02:51,172 [WARN] PackLoader:240 - Cannot read IP mode file for STMicroelectronics.X-CUBE-DISPLAY.3.0.0
2024-02-08 12:02:51,201 [WARN] PackLoader:240 - Cannot read IP mode file for STMicroelectronics.X-CUBE-BLE1.7.0.0
2024-02-08 12:02:51,208 [WARN] PackLoader:240 - Cannot read IP mode file for emotas.I-CUBE-CANOPEN.1.3.0
2024-02-08 12:02:51,213 [WARN] PackLoader:240 - Cannot read IP mode file for STMicroelectronics.FP-SNS-SMARTAG2.1.2.0
2024-02-08 12:02:51,229 [INFO] LogOutputStream:77 - [STDOUT_REDIRECT] 1 : Invalid condition id : UX_CORESTACK_Condition cause : null
2024-02-08 12:02:51,231 [INFO] LogOutputStream:77 - [STDOUT_REDIRECT] 1 : Invalid condition id : UX_CORESTACK_Condition cause : null
2024-02-08 12:02:51,232 [INFO] LogOutputStream:77 - [STDOUT_REDIRECT] 1 : Invalid condition id : UX_CORESTACK_Condition cause : null
2024-02-08 12:02:51,234 [INFO] LogOutputStream:77 - [STDOUT_REDIRECT] 1 : Invalid condition id : UX_CORESTACK_Condition cause : null
2024-02-08 12:02:51,237 [INFO] LogOutputStream:77 - [STDOUT_REDIRECT] 1 : Invalid condition id : UX_CORESTACK_Condition cause : null
2024-02-08 12:02:51,242 [WARN] PackLoader:240 - Cannot read IP mode file for STMicroelectronics.X-CUBE-AZRTOS-WL.2.0.0
2024-02-08 12:02:51,257 [WARN] PackLoader:240 - Cannot read IP mode file for WES.I-CUBE-Cesium.1.3.0
2024-02-08 12:02:51,263 [WARN] PackLoader:240 - Cannot read IP mode file for STMicroelectronics.X-CUBE-BLE2.3.3.0
2024-02-08 12:02:51,272 [WARN] PackLoader:240 - Cannot read IP mode file for STMicroelectronics.X-CUBE-ALGOBUILD.1.3.0
2024-02-08 12:02:51,299 [WARN] PackLoader:240 - Cannot read IP mode file for STMicroelectronics.X-CUBE-AZRTOS-G0.1.1.0
2024-02-08 12:02:51,310 [WARN] PackLoader:240 - Cannot read IP mode file for STMicroelectronics.X-CUBE-NFC4.3.0.0
2024-02-08 12:02:51,323 [WARN] PackLoader:240 - Cannot read IP mode file for STMicroelectronics.X-CUBE-BLEMGR.3.0.0
2024-02-08 12:02:51,331 [WARN] PackLoader:240 - Cannot read IP mode file for STMicroelectronics.FP-ATR-SIGFOX1.3.2.0
2024-02-08 12:02:51,338 [WARN] PackLoader:240 - Cannot read IP mode file for STMicroelectronics.X-CUBE-EEPRMA1.5.1.0
2024-02-08 12:02:51,406 [WARN] PackLoader:240 - Cannot read IP mode file for SEGGER.I-CUBE-embOS.1.3.1
2024-02-08 12:02:51,469 [WARN] PackLoader:240 - Cannot read IP mode file for STMicroelectronics.X-CUBE-GNSS1.6.0.0
2024-02-08 12:02:51,491 [WARN] PackLoader:240 - Cannot read IP mode file for STMicroelectronics.X-CUBE-AZRTOS-F4.1.1.0
2024-02-08 12:02:51,499 [WARN] PackLoader:240 - Cannot read IP mode file for wolfSSL.I-CUBE-wolfSSL.5.6.6
2024-02-08 12:02:51,520 [WARN] PackLoader:240 - Cannot read IP mode file for STMicroelectronics.X-CUBE-AZRTOS-L5.2.0.0
2024-02-08 12:02:51,532 [WARN] PackLoader:240 - Cannot read IP mode file for ITTIA_DB.I-CUBE-ITTIADB.8.8.0
2024-02-08 12:02:51,540 [WARN] PackLoader:240 - Cannot read IP mode file for STMicroelectronics.X-CUBE-NFC7.1.0.1
2024-02-08 12:02:51,553 [WARN] PackLoader:240 - Cannot read IP mode file for STMicroelectronics.X-CUBE-NFC6.3.0.0
2024-02-08 12:02:51,558 [WARN] PackLoader:240 - Cannot read IP mode file for STMicroelectronics.X-CUBE-AI.8.1.0
2024-02-08 12:02:51,583 [WARN] ConditionMgr:438 - getConditionDescription Invalid condition id : LAN8742 Phy interface Condition cause : null
2024-02-08 12:02:51,584 [WARN] PackLoader:240 - Cannot read IP mode file for STMicroelectronics.X-CUBE-AZRTOS-L4.2.0.0
2024-02-08 12:02:51,586 [WARN] ConditionMgr:1039 - genDependencies : Invalid condition id : LAN8742 Phy interface Condition cause : null
2024-02-08 12:02:51,586 [WARN] ConditionMgr:1039 - genDependencies : Invalid condition id : LAN8742 Phy interface Condition cause : null
2024-02-08 12:02:51,587 [WARN] ConditionMgr:1039 - genDependencies : Invalid condition id : LAN8742 Phy interface Condition cause : null
2024-02-08 12:02:51,597 [WARN] PackLoader:240 - Cannot read IP mode file for STMicroelectronics.X-CUBE-SFXS2LP1.4.0.0
2024-02-08 12:02:51,610 [WARN] ConditionMgr:438 - getConditionDescription Invalid condition id : UX DEVICE CLASS RTOS Condition cause : null
2024-02-08 12:02:51,611 [WARN] ConditionMgr:438 - getConditionDescription Invalid condition id : UX DEVICE CLASS RTOS Condition cause : null
2024-02-08 12:02:51,614 [WARN] PackLoader:240 - Cannot read IP mode file for STMicroelectronics.X-CUBE-AZRTOS-WB.2.0.0
2024-02-08 12:02:51,615 [WARN] ConditionMgr:1039 - genDependencies : Invalid condition id : UX DEVICE CLASS RTOS Condition cause : null
2024-02-08 12:02:51,615 [WARN] ConditionMgr:1039 - genDependencies : Invalid condition id : UX DEVICE CLASS RTOS Condition cause : null
2024-02-08 12:02:51,615 [WARN] ConditionMgr:1039 - genDependencies : Invalid condition id : UX DEVICE CLASS RTOS Condition cause : null
2024-02-08 12:02:51,615 [WARN] ConditionMgr:1039 - genDependencies : Invalid condition id : UX DEVICE CLASS RTOS Condition cause : null
2024-02-08 12:02:51,615 [WARN] ConditionMgr:1039 - genDependencies : Invalid condition id : UX DEVICE CLASS RTOS Condition cause : null
2024-02-08 12:02:51,628 [WARN] PackLoader:240 - Cannot read IP mode file for STMicroelectronics.X-CUBE-SUBG2.5.0.0
2024-02-08 12:02:51,650 [WARN] PackLoader:240 - Cannot read IP mode file for STMicroelectronics.X-CUBE-AZRTOS-G4.2.0.0
2024-02-08 12:02:51,664 [WARN] PackLoader:240 - Cannot read IP mode file for Infineon.AIROC-Wi-Fi-Bluetooth-STM32.1.5.1
2024-02-08 12:02:51,672 [WARN] PackLoader:240 - Cannot read IP mode file for STMicroelectronics.FP-SNS-MOTENVWB1.1.3.1
2024-02-08 12:02:51,678 [WARN] PackLoader:240 - Cannot read IP mode file for STMicroelectronics.X-CUBE-ISPU.2.0.0
2024-02-08 12:02:51,686 [INFO] WebApp:192 - Starting web application
2024-02-08 12:02:51,687 [INFO] WebApp:544 - Web application path used C:\ST\STM32CubeIDE_1.14.1\STM32CubeIDE\plugins\com.st.stm32cube.common.mx_6.10.0.202311202037\db\plugins\mcufinder\reactClient1\index.html
2024-02-08 12:02:51,715 [WARN] PackLoader:240 - Cannot read IP mode file for STMicroelectronics.X-CUBE-MEMS1.10.0.0
2024-02-08 12:02:51,865 [WARN] PackLoader:240 - Cannot read IP mode file for STMicroelectronics.X-CUBE-FREERTOS.1.1.0
2024-02-08 12:02:51,870 [WARN] PackLoader:240 - Cannot read IP mode file for portGmbH.I-Cube-SoM-uGOAL.1.1.0
2024-02-08 12:02:51,873 [WARN] PackLoader:240 - Cannot read IP mode file for STMicroelectronics.X-CUBE-ALS.1.0.1
2024-02-08 12:02:51,877 [WARN] PackLoader:240 - Cannot read IP mode file for STMicroelectronics.FP-ATR-ASTRA1.2.0.0
2024-02-08 12:02:51,888 [WARN] PackLoader:240 - Cannot read IP mode file for STMicroelectronics.X-CUBE-TOF1.3.4.0
2024-02-08 12:02:51,911 [WARN] PackLoader:240 - Cannot read IP mode file for STMicroelectronics.X-CUBE-AZRTOS-H7.3.2.0
2024-02-08 12:02:51,914 [INFO] ThirdParty:978 - Integrity check success = true
2024-02-08 12:02:51,915 [INFO] IntegrityCheckThread:100 - exiting critical section [integrity check]
2024-02-08 12:02:51,915 [INFO] IntegrityCheckThread:103 - End integrity checks thread
2024-02-08 12:02:53,518 [INFO] ApiDb:240 - Found 371 in-development CPN: [B-G473E-ZEST1S, B-WB1M-WPAN1, B-WL5M-SUBG1, NUCLEO-C031C6, NUCLEO-H503RB, NUCLEO-H563ZI, NUCLEO-U545RE-Q, NUCLEO-U5A5ZJ-Q, NUCLEO-WBA52CG, NUCLEO-WBA55CG, STEVAL-MKBOXPRO, STEVAL-PROTEUS1, STEVAL-STWINBX1, STM320518-EVAL, STM32C0116-DK, STM32C011D6Y3TR, STM32C011D6Y6TR, STM32C011F4P3, STM32C011F4P6, STM32C011F4U3, STM32C011F4U6TR, STM32C011F6P3, STM32C011F6P6, STM32C011F6U3, STM32C011F6U6TR, STM32C011J4M3, STM32C011J4M6, STM32C011J6M3, STM32C011J6M6, STM32C0316-DK, STM32C031C4T3, STM32C031C4T6, STM32C031C4U3, STM32C031C4U6, STM32C031C6T3, STM32C031C6T6, STM32C031C6U3, STM32C031C6U6, STM32C031F4P3, STM32C031F4P6, STM32C031F6P3, STM32C031F6P6, STM32C031G4U3, STM32C031G4U6, STM32C031G6U3, STM32C031G6U6, STM32C031K4T3, STM32C031K4T6, STM32C031K4U3, STM32C031K4U6, STM32C031K6T3, STM32C031K6T6, STM32C031K6U3, STM32C031K6U6, STM32G071K8TXN, STM32G071K8UXN, STM32G081GBU6N, STM32G081KBT6N, STM32G081KBUXN, STM32G0B1CCT6N, STM32G0B1KCT6, STM32G0B1NEY6TR, STM32G0B1RCT6N, STM32G0C1CCT6, STM32G0C1CCT6N, STM32G0C1CCU6N, STM32G0C1CET6N, STM32G0C1CEU6N, STM32G0C1KCT6, STM32G0C1NEY6TR, STM32G0C1RCI6N, STM32G0C1RCT6N, STM32G0C1REI6N, STM32G0C1RET6N, STM32G0C1VCI6, STM32G0C1VEI6, STM32G471CCT6, STM32G471CCU6, STM32G471CET3, STM32G471CET6, STM32G471CEU3, STM32G471CEU6, STM32G471MCT6, STM32G471MET3, STM32G471MET6, STM32G471MEY6TR, STM32G471QCT6, STM32G471QET3, STM32G471RCT6, STM32G471RET3, STM32G471RET6, STM32G471VCH6, STM32G471VCI6, STM32G471VCT6, STM32G471VEH3, STM32G471VEH6, STM32G471VEI3, STM32G471VEI6, STM32G471VET3, STM32G471VET6, STM32G474CCT6, STM32H503CBT6, STM32H503CBU6, STM32H503EBY6TR, STM32H503KBU6, STM32H503RBT6, STM32H562AGI6, STM32H562AII6, STM32H562IGK6, STM32H562IGT6, STM32H562IIK6, STM32H562IIT6, STM32H562RGT6, STM32H562RGV6, STM32H562RIT6, STM32H562RIV6, STM32H562VGT6, STM32H562VIT6, STM32H562ZGT6, STM32H562ZIT6, STM32H563AGI6, STM32H563AII3Q, STM32H563AII6, STM32H563IGK6, STM32H563IGT6, STM32H563IIK3Q, STM32H563IIK6, STM32H563IIT3Q, STM32H563IIT6, STM32H563MIY3QTR, STM32H563RGT6, STM32H563RGV6, STM32H563RIT6, STM32H563RIV6, STM32H563VGT6, STM32H563VIT3Q, STM32H563VIT6, STM32H563ZGT6, STM32H563ZIT3Q, STM32H563ZIT6, STM32H573AII3Q, STM32H573AII6, STM32H573I-DK, STM32H573IIK3Q, STM32H573IIK6, STM32H573IIT3Q, STM32H573IIT6, STM32H573MIY3QTR, STM32H573RIT6, STM32H573RIV6, STM32H573VIT3Q, STM32H573VIT6, STM32H573ZIT3Q, STM32H573ZIT6, STM32L4R5QGI6STR, STM32MP131AAE3, STM32MP131AAF3, STM32MP131AAG3, STM32MP131CAE3, STM32MP131CAF3, STM32MP131CAG3, STM32MP131DAE7, STM32MP131DAF7, STM32MP131DAG7, STM32MP131FAE7, STM32MP131FAF7, STM32MP131FAG7, STM32MP133AAE3, STM32MP133AAF3, STM32MP133AAG3, STM32MP133CAE3, STM32MP133CAF3, STM32MP133CAG3, STM32MP133DAE7, STM32MP133DAF7, STM32MP133DAG7, STM32MP133FAE7, STM32MP133FAF7, STM32MP133FAG7, STM32MP135AAE3, STM32MP135AAF3, STM32MP135AAG3, STM32MP135CAE3, STM32MP135CAF3, STM32MP135CAG3, STM32MP135DAE7, STM32MP135DAF7, STM32MP135DAG7, STM32MP135F-DK, STM32MP135FAE7, STM32MP135FAF7, STM32MP135FAF7T, STM32MP135FAF7U, STM32MP135FAG7, STM32U535CBT6, STM32U535CBT6Q, STM32U535CBU6, STM32U535CBU6Q, STM32U535CCT6, STM32U535CCT6Q, STM32U535CCU6, STM32U535CCU6Q, STM32U535CET6, STM32U535CET6Q, STM32U535CEU6, STM32U535CEU6Q, STM32U535JEY6QTR, STM32U535NCY6QTR, STM32U535NEY6QTR, STM32U535RBI6, STM32U535RBI6Q, STM32U535RBT6, STM32U535RBT6Q, STM32U535RCI6, STM32U535RCI6Q, STM32U535RCT6, STM32U535RCT6Q, STM32U535REI6, STM32U535REI6Q, STM32U535RET6, STM32U535RET6Q, STM32U535VCI6, STM32U535VCI6Q, STM32U535VCT6, STM32U535VCT6Q, STM32U535VEI6, STM32U535VEI6Q, STM32U535VET6, STM32U535VET6Q, STM32U545CET6, STM32U545CET6Q, STM32U545CEU6, STM32U545CEU6Q, STM32U545JEY6QTR, STM32U545NEY6QTR, STM32U545REI6, STM32U545REI6Q, STM32U545RET6, STM32U545RET6Q, STM32U545VEI6, STM32U545VEI6Q, STM32U545VET6, STM32U545VET6Q, STM32U595AIH6, STM32U595AIH6Q, STM32U595AJH6, STM32U595AJH6Q, STM32U595QII6, STM32U595QII6Q, STM32U595QJI6, STM32U595QJI6Q, STM32U595RIT6, STM32U595RIT6Q, STM32U595RJT6, STM32U595RJT6Q, STM32U595VIT6, STM32U595VIT6Q, STM32U595VJT6, STM32U595VJT6Q, STM32U595ZIT6, STM32U595ZIT6Q, STM32U595ZIY6QTR, STM32U595ZJT6, STM32U595ZJT6Q, STM32U595ZJY6QTR, STM32U599BJY6QTR, STM32U599NIH6Q, STM32U599NJH6Q, STM32U599VIT6Q, STM32U599VJT6, STM32U599VJT6Q, STM32U599ZIT6Q, STM32U599ZIY6QTR, STM32U599ZJT6Q, STM32U599ZJY6QTR, STM32U5A5AJH6, STM32U5A5AJH6Q, STM32U5A5QJI6, STM32U5A5QJI6Q, STM32U5A5RJT6, STM32U5A5RJT6Q, STM32U5A5VJT6, STM32U5A5VJT6Q, STM32U5A5ZJT6, STM32U5A5ZJT6Q, STM32U5A5ZJY6QTR, STM32U5A9BJY6QTR, STM32U5A9J-DK, STM32U5A9NJH6Q, STM32U5A9VJT6Q, STM32U5A9ZJT6Q, STM32U5A9ZJY6QTR, STM32U5F7VIT6, STM32U5F7VIT6Q, STM32U5F7VJT6, STM32U5F7VJT6Q, STM32U5F9BJY6QTR, STM32U5F9NJH6Q, STM32U5F9VIT6Q, STM32U5F9VJT6Q, STM32U5F9ZIJ6QTR, STM32U5F9ZIT6Q, STM32U5F9ZJJ6QTR, STM32U5F9ZJT6Q, STM32U5G7VJT6, STM32U5G7VJT6Q, STM32U5G9BJY6QTR, STM32U5G9J-DK1, STM32U5G9J-DK2, STM32U5G9NJH6Q, STM32U5G9VJT6Q, STM32U5G9ZJJ6QTR, STM32U5G9ZJT6Q, STM32WB1MMCH6, STM32WBA50KEU6, STM32WBA50KEU6TR, STM32WBA50KGU6, STM32WBA50KGU6TR, STM32WBA52CEU6, STM32WBA52CEU6TR, STM32WBA52CEU7, STM32WBA52CEU7TR, STM32WBA52CGU6, STM32WBA52CGU6TR, STM32WBA52CGU6U, STM32WBA52CGU7, STM32WBA52CGU7TR, STM32WBA52KEU6, STM32WBA52KEU6TR, STM32WBA52KGU6, STM32WBA52KGU6TR, STM32WBA54CEU6, STM32WBA54CEU6TR, STM32WBA54CEU7, STM32WBA54CEU7TR, STM32WBA54CGU6, STM32WBA54CGU6TR, STM32WBA54CGU7, STM32WBA54CGU7TR, STM32WBA54KEU6, STM32WBA54KEU6TR, STM32WBA54KEU7, STM32WBA54KEU7TR, STM32WBA54KGU6, STM32WBA54KGU6TR, STM32WBA54KGU7, STM32WBA54KGU7TR, STM32WBA55CEU6, STM32WBA55CEU6TR, STM32WBA55CEU7, STM32WBA55CEU7TR, STM32WBA55CGU6, STM32WBA55CGU6TR, STM32WBA55CGU6U, STM32WBA55CGU7, STM32WBA55CGU7TR, STM32WBA55G-DK1, STM32WBA55HEF6, STM32WBA55HEF7, STM32WBA55HGF6, STM32WBA55HGF7, STM32WBA55UEI6, STM32WBA55UEI6TR, STM32WBA55UEI7, STM32WBA55UEI7TR, STM32WBA55UGI6, STM32WBA55UGI6TR, STM32WBA55UGI7, STM32WBA55UGI7TR, STM32WL5MOCH6, STM32WL5MOCH6TR]
2024-02-08 12:02:53,527 [INFO] DbMcus:218 - Found 3930 MCUs, 3930 are supported
2024-02-08 12:02:53,528 [INFO] ApiDb:423 - Load user favorites file C:\Users\yusuf/.stm32cubeide/favorites.mcus.txt: 0 item(s)
2024-02-08 12:02:53,528 [INFO] ApiDb:427 - User favorites MCUs=[]
2024-02-08 12:02:53,528 [INFO] DbMcus:224 - Set 0 / 0 favorites MCUs
2024-02-08 12:02:53,872 [INFO] ApiDb:414 - User favorites file not found: C:\Users\yusuf/.stm32cubeide/favorites.boards.txt
2024-02-08 12:02:53,873 [INFO] DbBoards:198 - Set 0 / 0 favorites Boards
2024-02-08 12:02:53,873 [INFO] McuFinderGlobals:76 - Set McuFinderConnectedMode to true
2024-02-08 12:02:53,884 [INFO] MultiScanPanel:200 - Auto-refresh data requested => check proxy status ongoing
2024-02-08 12:02:53,888 [INFO] FinderPluginLoader:95 - Searching for filters in installed packs
2024-02-08 12:02:55,788 [INFO] LoadUrlFilesThread:185 - End of LoadServerUrlFiles without Thread
2024-02-08 12:02:55,803 [INFO] DetailPanel:341 - Set advertising image to C:/Users/yusuf/STM32Cube/Repository/\en.prom-stm32wl3-mcu-finder.jpg
2024-02-08 12:03:13,513 [ERROR] LogOutputStream:75 - [STDERR_REDIRECT] SLF4J: Failed to load class "org.slf4j.impl.StaticLoggerBinder".
2024-02-08 12:03:13,514 [ERROR] LogOutputStream:75 - [STDERR_REDIRECT] SLF4J: Defaulting to no-operation (NOP) logger implementation
2024-02-08 12:03:13,517 [ERROR] LogOutputStream:75 - [STDERR_REDIRECT] SLF4J: See http://www.slf4j.org/codes.html#StaticLoggerBinder for further details.
2024-02-08 12:33:20,046 [INFO] McuFinderGlobals:76 - Set McuFinderConnectedMode to true
2024-02-08 12:33:32,143 [ERROR] AdobePublisher:162 - Exception while opening the connection: java.net.UnknownHostException: stmicroelectronics.d3.sc.omtrdc.net
2024-02-08 12:33:32,143 [ERROR] AdobePublisher:162 - Exception while opening the connection: java.net.UnknownHostException: stmicroelectronics.d3.sc.omtrdc.net
2024-02-08 12:33:32,144 [ERROR] AdobePublisher:162 - Exception while opening the connection: java.net.UnknownHostException: stmicroelectronics.d3.sc.omtrdc.net
2024-02-08 12:33:32,145 [ERROR] AdobePublisher:162 - Exception while opening the connection: java.net.UnknownHostException: stmicroelectronics.d3.sc.omtrdc.net
2024-02-08 12:33:32,146 [ERROR] AdobePublisher:162 - Exception while opening the connection: java.net.UnknownHostException: stmicroelectronics.d3.sc.omtrdc.net
2024-02-08 12:33:32,153 [INFO] ApiDb:448 - Save user favorites file C:\Users\yusuf/.stm32cubeide/favorites.mcus.txt: 0 item(s)
2024-02-08 12:33:32,154 [INFO] ApiDb:452 - User favorites MCUs=[]
2024-02-08 12:33:32,771 [ERROR] LogOutputStream:75 - [STDERR_REDIRECT] Exception in thread "AWT-EventQueue-0" java.lang.NullPointerException: Cannot invoke "com.st.stm32cube.common.mx.targetselector.IdeMcuFinder.cleanUp(boolean)" because "this.this$0.mcuFinder" is null
2024-02-08 12:33:32,782 [ERROR] LogOutputStream:75 - [STDERR_REDIRECT] 	at com.st.stm32cube.common.mx.targetselector.TargetSelectorAdapter$7.run(TargetSelectorAdapter.java:353)
2024-02-08 12:33:32,782 [ERROR] LogOutputStream:75 - [STDERR_REDIRECT] 	at com.st.stm32cube.common.mx.oss.core.awtswtbridge.AwtEnvironment$2.run(AwtEnvironment.java:166)
2024-02-08 12:33:32,782 [ERROR] LogOutputStream:75 - [STDERR_REDIRECT] 	at java.desktop/java.awt.event.InvocationEvent.dispatch(InvocationEvent.java:318)
2024-02-08 12:33:32,792 [ERROR] LogOutputStream:75 - [STDERR_REDIRECT] 	at java.desktop/java.awt.EventQueue.dispatchEventImpl(EventQueue.java:773)
2024-02-08 12:33:32,792 [ERROR] LogOutputStream:75 - [STDERR_REDIRECT] 	at java.desktop/java.awt.EventQueue$4.run(EventQueue.java:720)
2024-02-08 12:33:32,802 [ERROR] LogOutputStream:75 - [STDERR_REDIRECT] 	at java.desktop/java.awt.EventQueue$4.run(EventQueue.java:714)
2024-02-08 12:33:32,802 [ERROR] LogOutputStream:75 - [STDERR_REDIRECT] 	at java.base/java.security.AccessController.doPrivileged(AccessController.java:399)
2024-02-08 12:33:32,812 [ERROR] LogOutputStream:75 - [STDERR_REDIRECT] 	at java.base/java.security.ProtectionDomain$JavaSecurityAccessImpl.doIntersectionPrivilege(ProtectionDomain.java:86)
2024-02-08 12:33:32,812 [ERROR] LogOutputStream:75 - [STDERR_REDIRECT] 	at java.desktop/java.awt.EventQueue.dispatchEvent(EventQueue.java:742)
2024-02-08 12:33:32,822 [ERROR] LogOutputStream:75 - [STDERR_REDIRECT] 	at java.desktop/java.awt.EventDispatchThread.pumpOneEventForFilters(EventDispatchThread.java:203)
2024-02-08 12:33:32,832 [ERROR] LogOutputStream:75 - [STDERR_REDIRECT] 	at java.desktop/java.awt.EventDispatchThread.pumpEventsForFilter(EventDispatchThread.java:124)
2024-02-08 12:33:32,840 [ERROR] LogOutputStream:75 - [STDERR_REDIRECT] 	at java.desktop/java.awt.EventDispatchThread.pumpEventsForHierarchy(EventDispatchThread.java:113)
2024-02-08 12:33:32,846 [ERROR] LogOutputStream:75 - [STDERR_REDIRECT] 	at java.desktop/java.awt.EventDispatchThread.pumpEvents(EventDispatchThread.java:109)
2024-02-08 12:33:32,851 [ERROR] LogOutputStream:75 - [STDERR_REDIRECT] 	at java.desktop/java.awt.EventDispatchThread.pumpEvents(EventDispatchThread.java:101)
2024-02-08 12:33:32,855 [ERROR] LogOutputStream:75 - [STDERR_REDIRECT] 	at java.desktop/java.awt.EventDispatchThread.run(EventDispatchThread.java:90)
2024-02-08 12:33:37,446 [ERROR] ConfigurationRetriever:142 - IOException on connection: sw-center.st.com
2024-02-08 12:33:37,449 [ERROR] ConfigurationRetriever:142 - IOException on connection: sw-center.st.com
2024-02-08 12:33:37,450 [ERROR] ConfigurationRetriever:142 - IOException on connection: sw-center.st.com
2024-02-08 12:33:39,157 [ERROR] LogOutputStream:75 - [STDERR_REDIRECT] 
